Log file open, 02/17/18 15:50:10
LogInit:Display: Running engine for game: WorldsAway
LogPlatformFile: Not using cached read wrapper
LogInit:Display: RandInit(2118508982) SRandInit(2118508982).
LogTaskGraph: Started task graph with 5 named threads and 6 total threads with 1 sets of task threads.
LogStats: Stats thread started at 0.095991
LogInit: Using libcurl 7.47.1
LogInit:  - built for x86_64-pc-win32
LogInit:  - supports SSL with OpenSSL/1.0.2g
LogInit:  - supports HTTP deflate (compression) using libz 1.2.8
LogInit:  - other features:
LogInit:      CURL_VERSION_SSL
LogInit:      CURL_VERSION_LIBZ
LogInit:      CURL_VERSION_IPV6
LogInit:      CURL_VERSION_ASYNCHDNS
LogInit:      CURL_VERSION_LARGEFILE
LogInit:      CURL_VERSION_IDN
LogInit:  CurlRequestOptions (configurable via config and command line):
LogInit:  - bVerifyPeer = false  - Libcurl will NOT verify peer certificate
LogInit:  - bUseHttpProxy = false  - Libcurl will NOT use HTTP proxy
LogInit:  - bDontReuseConnections = false  - Libcurl will reuse connections
LogInit:  - CertBundlePath = nullptr  - Libcurl will use whatever was configured at build time.
LogInit: Build: ++UE4+Release-4.16-CL-3561208
LogInit: Engine Version: 4.16.3-3561208+++UE4+Release-4.16
LogInit: Compatible Engine Version: 4.16.0-3452394+++UE4+Release-4.16
LogInit: Net CL: 3452394
LogDevObjectVersion: Number of dev versions registered: 16
LogDevObjectVersion:   Dev-Blueprints (B0D832E4-1F89-4F0D-ACCF-7EB736FD4AA2): 9
LogDevObjectVersion:   Dev-Build (E1C64328-A22C-4D53-A36C-8E866417BD8C): 0
LogDevObjectVersion:   Dev-Core (375EC13C-06E4-48FB-B500-84F0262A717E): 2
LogDevObjectVersion:   Dev-Editor (E4B068ED-F494-42E9-A231-DA0B2E46BB41): 17
LogDevObjectVersion:   Dev-Framework (CFFC743F-43B0-4480-9391-14DF171D2073): 23
LogDevObjectVersion:   Dev-Mobile (B02B49B5-BB20-44E9-A304-32B752E40360): 0
LogDevObjectVersion:   Dev-Networking (A4E4105C-59A1-49B5-A7C5-40C4547EDFEE): 0
LogDevObjectVersion:   Dev-Online (39C831C9-5AE6-47DC-9A44-9C173E1C8E7C): 0
LogDevObjectVersion:   Dev-Physics (78F01B33-EBEA-4F98-B9B4-84EACCB95AA2): 0
LogDevObjectVersion:   Dev-Platform (6631380F-2D4D-43E0-8009-CF276956A95A): 0
LogDevObjectVersion:   Dev-Rendering (12F88B9F-8875-4AFC-A67C-D90C383ABD29): 15
LogDevObjectVersion:   Dev-Sequencer (7B5AE74C-D270-4C10-A958-57980B212A5A): 4
LogDevObjectVersion:   Dev-VR (D7296918-1DD6-4BDD-9DE2-64A83CC13884): 0
LogDevObjectVersion:   Dev-LoadTimes (C2A15278-BFE7-4AFE-6C17-90FF531DF755): 1
LogDevObjectVersion:   Private-Geometry (6EACA3D4-40EC-4CC1-B786-8BED09428FC5): 1
LogDevObjectVersion:   Dev-AnimPhys (29E575DD-E0A3-4627-9D10-D276232CDCEA): 3
LogInit: Compiled (64-bit): Jul 28 2017 11:49:47
LogInit: Compiled with Visual C++: 19.00.24215.01
LogInit: Build Configuration: Development
LogInit: Branch Name: ++UE4+Release-4.16
LogInit: Command line: 
LogInit: Base directory: C:/Program Files (x86)/Epic Games/UE_4.16/Engine/Binaries/Win64/
LogInit: Installed Engine Build: 1
LogInit: Presizing for max 8388607 objects, including 0 objects not considered by GC, pre-allocating 0 bytes for permanent pool.
LogInit: Object subsystem initialized
[2018.02.17-20.50.10:817][  0]LogInit: Selected Device Profile: [Windows]
[2018.02.17-20.50.10:817][  0]LogInit: Applying CVar settings loaded from the selected device profile: [Windows]
[2018.02.17-20.50.10:871][  0]LogInit: Computer: MEE-PC
[2018.02.17-20.50.10:872][  0]LogInit: User: mauri000
[2018.02.17-20.50.10:872][  0]LogInit: CPU Page size=4096, Cores=2
[2018.02.17-20.50.10:872][  0]LogInit: High frequency timer resolution =2.533197 MHz
[2018.02.17-20.50.10:872][  0]LogMemory: Memory total: Physical=7.9GB (8GB approx)
[2018.02.17-20.50.10:872][  0]LogMemory: Platform Memory Stats for Windows
[2018.02.17-20.50.10:872][  0]LogMemory: Process Physical Memory: 272.60 MB used, 272.60 MB peak
[2018.02.17-20.50.10:872][  0]LogMemory: Process Virtual Memory: 258.48 MB used, 258.48 MB peak
[2018.02.17-20.50.10:872][  0]LogMemory: Physical Memory: 3971.71 MB used,  4111.56 MB free, 8083.27 MB total
[2018.02.17-20.50.10:872][  0]LogMemory: Virtual Memory: 672.43 MB used,  4111.56 MB free, 134217728.00 MB total
[2018.02.17-20.50.10:973][  0]LogInit: Using OS detected language (en-US).
[2018.02.17-20.50.10:973][  0]LogInit: Using OS detected locale (en-US).
[2018.02.17-20.50.10:976][  0]LogTextLocalizationManager: No specific localization for 'en-US' exists, so the 'en' localization will be used.
[2018.02.17-20.50.12:027][  0]LogD3D11RHI: D3D11 adapters:
[2018.02.17-20.50.12:057][  0]LogD3D11RHI:    0. 'NVIDIA GeForce 840M' (Feature Level 11_0)
[2018.02.17-20.50.12:057][  0]LogD3D11RHI:       2019/0/4041 MB DedicatedVideo/DedicatedSystem/SharedSystem, Outputs:1, VendorId:0x10de
[2018.02.17-20.50.12:068][  0]LogD3D11RHI:    1. 'Intel(R) HD Graphics Family' (Feature Level 11_0)
[2018.02.17-20.50.12:068][  0]LogD3D11RHI:       112/0/2048 MB DedicatedVideo/DedicatedSystem/SharedSystem, Outputs:0, VendorId:0x8086
[2018.02.17-20.50.12:073][  0]LogD3D11RHI:    2. 'Microsoft Basic Render Driver' (Feature Level 11_0)
[2018.02.17-20.50.12:073][  0]LogD3D11RHI:       0/0/4041 MB DedicatedVideo/DedicatedSystem/SharedSystem, Outputs:0, VendorId:0x1414
[2018.02.17-20.50.12:073][  0]LogD3D11RHI: Chosen D3D11 Adapter: 0
[2018.02.17-20.50.12:079][  0]LogD3D11RHI: Creating new Direct3DDevice
[2018.02.17-20.50.12:079][  0]LogD3D11RHI:     GPU DeviceId: 0x1341 (for the marketing name, search the web for "GPU Device Id")
[2018.02.17-20.50.12:079][  0]LogWindows: EnumDisplayDevices:
[2018.02.17-20.50.12:080][  0]LogWindows:    0. 'Intel(R) HD Graphics Family' (P:1 D:1)
[2018.02.17-20.50.12:080][  0]LogWindows:    1. 'Intel(R) HD Graphics Family' (P:0 D:0)
[2018.02.17-20.50.12:080][  0]LogWindows:    2. 'Intel(R) HD Graphics Family' (P:0 D:0)
[2018.02.17-20.50.12:080][  0]LogWindows: DebugString: GetVideoDriverDetailsInvalid PrimaryIsNotTheChoosenAdapter GetVideoDriverDetailsInvalid PrimaryIsNotTheChoosenAdapter GetVideoDriverDetailsInvalid PrimaryIsNotTheChoosenAdapter FoundDriverCount:0 
[2018.02.17-20.50.12:080][  0]LogD3D11RHI:     Adapter Name: NVIDIA GeForce 840M
[2018.02.17-20.50.12:080][  0]LogD3D11RHI:   Driver Version: Unknown (internal:Unknown, unified:Unknown)
[2018.02.17-20.50.12:080][  0]LogD3D11RHI:      Driver Date: Unknown
[2018.02.17-20.50.12:080][  0]LogRHI: Texture pool is 1361 MB (70% of 1945 MB)
[2018.02.17-20.50.12:097][  0]LogD3D11RHI: Async texture creation enabled
[2018.02.17-20.50.12:110][  0]LogD3D11RHI: GPU Timing Frequency: 1000.000000 (Debug: 2 1)
[2018.02.17-20.50.12:112][  0]LogShaderCompilers: Guid format shader working directory is 12 characters bigger than the processId version (D:/Github/ProjectWorldAway/WorldsAway/Intermediate/Shaders/WorkingDirectory/11420/).
[2018.02.17-20.50.12:112][  0]LogShaderCompilers: Cleaned the shader compiler working directory 'C:/Users/mauri_000/AppData/Local/Temp/UnrealShaderWorkingDir/8FFDB5BE4EFEDF7226EB23A00C924361/'.
[2018.02.17-20.50.12:112][  0]LogShaderCompilers:Display: Using Local Shader Compiler.
[2018.02.17-20.50.13:353][  0]LogTemp:Display: Loaded TP AllDesktopTargetPlatform
[2018.02.17-20.50.13:415][  0]LogTemp:Display: Loaded TP MacClientTargetPlatform
[2018.02.17-20.50.13:479][  0]LogTemp:Display: Loaded TP MacNoEditorTargetPlatform
[2018.02.17-20.50.13:541][  0]LogTemp:Display: Loaded TP MacServerTargetPlatform
[2018.02.17-20.50.13:605][  0]LogTemp:Display: Loaded TP MacTargetPlatform
[2018.02.17-20.50.13:667][  0]LogTemp:Display: Loaded TP WindowsClientTargetPlatform
[2018.02.17-20.50.13:730][  0]LogTemp:Display: Loaded TP WindowsNoEditorTargetPlatform
[2018.02.17-20.50.13:792][  0]LogTemp:Display: Loaded TP WindowsServerTargetPlatform
[2018.02.17-20.50.13:850][  0]LogTemp:Display: Loaded TP WindowsTargetPlatform
[2018.02.17-20.50.13:915][  0]LogTemp:Display: Loaded TP AndroidTargetPlatform
[2018.02.17-20.50.13:977][  0]LogTemp:Display: Loaded TP Android_ASTCTargetPlatform
[2018.02.17-20.50.14:038][  0]LogTemp:Display: Loaded TP Android_ATCTargetPlatform
[2018.02.17-20.50.14:100][  0]LogTemp:Display: Loaded TP Android_DXTTargetPlatform
[2018.02.17-20.50.14:160][  0]LogTemp:Display: Loaded TP Android_ETC1TargetPlatform
[2018.02.17-20.50.14:220][  0]LogTemp:Display: Loaded TP Android_ETC2TargetPlatform
[2018.02.17-20.50.14:342][  0]LogTemp:Display: Loaded TP Android_MultiTargetPlatform
[2018.02.17-20.50.14:342][  0]LogTemp:Display: Loaded TP Android_PVRTCTargetPlatform
[2018.02.17-20.50.14:393][  0]LogTemp:Display: Loaded TP HTML5TargetPlatform
[2018.02.17-20.50.14:507][  0]LogTemp:Display: Loaded TP IOSTargetPlatform
[2018.02.17-20.50.14:546][  0]LogTemp:Display: Loaded TP TVOSTargetPlatform
[2018.02.17-20.50.14:607][  0]LogTemp:Display: Loaded TP LinuxClientTargetPlatform
[2018.02.17-20.50.14:667][  0]LogTemp:Display: Loaded TP LinuxNoEditorTargetPlatform
[2018.02.17-20.50.14:728][  0]LogTemp:Display: Loaded TP LinuxServerTargetPlatform
[2018.02.17-20.50.14:789][  0]LogTemp:Display: Loaded TP LinuxTargetPlatform
[2018.02.17-20.50.14:789][  0]LogTargetPlatformManager:Display: Building Assets For Windows
[2018.02.17-20.50.15:437][  0]LogDerivedDataCache:Display: Max Cache Size: 512 MB
[2018.02.17-20.50.15:529][  0]LogDerivedDataCache: Loaded boot cache 0.09s 90MB C:/Users/mauri_000/AppData/Local/UnrealEngine/4.16/DerivedDataCache/Boot.ddc.
[2018.02.17-20.50.15:529][  0]LogDerivedDataCache:Display: Loaded Boot cache: C:/Users/mauri_000/AppData/Local/UnrealEngine/4.16/DerivedDataCache/Boot.ddc
[2018.02.17-20.50.15:529][  0]LogDerivedDataCache: FDerivedDataBackendGraph:  Pak pak cache file D:/Github/ProjectWorldAway/WorldsAway/DerivedDataCache/DDC.ddp not found, will not use a pak cache.
[2018.02.17-20.50.15:529][  0]LogDerivedDataCache: Unable to find inner node Pak for hierarchical cache Hierarchy.
[2018.02.17-20.50.15:529][  0]LogDerivedDataCache: FDerivedDataBackendGraph:  CompressedPak pak cache file D:/Github/ProjectWorldAway/WorldsAway/DerivedDataCache/Compressed.ddp not found, will not use a pak cache.
[2018.02.17-20.50.15:529][  0]LogDerivedDataCache: Unable to find inner node CompressedPak for hierarchical cache Hierarchy.
[2018.02.17-20.50.15:548][  0]LogDerivedDataCache:Display: Pak cache opened for reading ../../../Engine/DerivedDataCache/Compressed.ddp.
[2018.02.17-20.50.15:561][  0]LogDerivedDataCache: Using Local data cache path C:/Users/mauri_000/AppData/Local/UnrealEngine/Common/DerivedDataCache: Writable
[2018.02.17-20.50.15:572][  0]LogMaterial: Verifying Global Shaders for PCD3D_SM5
[2018.02.17-20.50.15:572][  0]LogSlate: Using Freetype 2.6.0
[2018.02.17-20.50.15:573][  0]LogSlate: SlateFontCache - WITH_FREETYPE: 1, WITH_HARFBUZZ: 1
[2018.02.17-20.50.15:573][  0]LogSlate: SlateFontCache - WITH_FREETYPE: 1, WITH_HARFBUZZ: 1
[2018.02.17-20.50.15:971][  0]LogInit: Selected Device Profile: [Windows]
[2018.02.17-20.50.16:054][  0]LogContentStreaming: Texture pool size is 0.00 MB
[2018.02.17-20.50.16:247][  0]LogMeshUtilities: Using QuadricMeshReduction for automatic static mesh reduction
[2018.02.17-20.50.16:305][  0]LogSimplygon: Simplygon DLL not present - disabling.
[2018.02.17-20.50.16:367][  0]LogMeshUtilities: Using SimplygonSwarm for distributed automatic mesh merging
[2018.02.17-20.50.16:367][  0]LogMeshUtilities: No automatic skeletal mesh reduction module available
[2018.02.17-20.50.16:367][  0]LogMeshUtilities: No automatic mesh merging module available
[2018.02.17-20.50.17:050][  0]LogNetVersion: WorldsAway , NetCL: 3452394, EngineNetVer: 2, GameNetVer: 0 (Checksum: 3023924508)
[2018.02.17-20.50.17:126][  0]LogAssetRegistry: FAssetRegistry took 0.0270 seconds to start up
[2018.02.17-20.50.18:976][  0]LogPackageLocalizationCache: Processed 4 localized package path(s) for 2 prioritized culture(s) in 1.814066 seconds
[2018.02.17-20.50.18:994][  0]LogUObjectArray: 34194 objects as part of root set at end of initial load.
[2018.02.17-20.50.18:994][  0]LogUObjectAllocator: 7260424 out of 0 bytes used by permanent object pool.
[2018.02.17-20.50.18:994][  0]LogUObjectArray: CloseDisregardForGC: 0/0 objects in disregard for GC pool
[2018.02.17-20.50.19:100][  0]LogInit: WinSock: version 1.1 (2.2), MaxSocks=32767, MaxUdp=65467
[2018.02.17-20.50.21:969][  0]LogTcpMessaging: Initializing TcpMessaging bridge
[2018.02.17-20.50.22:022][  0]LogUdpMessaging: Initializing bridge on interface 0.0.0.0:0 to multicast group 230.0.0.1:6666.
[2018.02.17-20.50.22:722][  0]LogMaterial: Uniform references updated for custom material expression Custom.
[2018.02.17-20.50.23:253][  0]SourceControl: Info Source control is disabled
[2018.02.17-20.50.23:314][  0]SourceControl: Info Source control is disabled
[2018.02.17-20.50.23:379][  0]SourceControl: Info Source control is disabled
[2018.02.17-20.50.23:442][  0]SourceControl: Info Source control is disabled
[2018.02.17-20.50.24:349][  0]LogAndroidPermission: UAndroidPermissionCallbackProxy::GetInstance
[2018.02.17-20.50.25:115][  0]LogEngine: Initializing Engine...
[2018.02.17-20.50.25:116][  0]LogHMD: Failed to initialize OpenVR with code 110
[2018.02.17-20.50.25:326][  0]LogStats: UGameplayTagsManager::ConstructGameplayTagTree: Construct from data asset -  0.000 s
[2018.02.17-20.50.25:326][  0]LogStats: UGameplayTagsManager::ConstructGameplayTagTree: GameplayTagTreeChangedEvent.Broadcast -  0.000 s
[2018.02.17-20.50.25:494][  0]LogAIModule: Creating AISystem for world Untitled
[2018.02.17-20.50.25:505][  0]LogInit: XAudio2 using 'Speakers (Realtek High Definition Audio)' : 2 channels at 48 kHz using 32 bits per sample (channel mask 0x3)
[2018.02.17-20.50.25:544][  0]LogInit: FAudioDevice initialized.
[2018.02.17-20.50.25:595][  0]LogDerivedDataCache: Saved boot cache 0.05s 90MB C:/Users/mauri_000/AppData/Local/UnrealEngine/4.16/DerivedDataCache/Boot.ddc.
[2018.02.17-20.50.25:610][  0]LogInit: Texture streaming: Enabled
[2018.02.17-20.50.25:734][  0]LogEngineSessionManager: EngineSessionManager initialized
[2018.02.17-20.50.26:015][  0]LogInit: Transaction tracking system initialized
[2018.02.17-20.50.26:422][  0]BlueprintLog: New page: Editor Load
[2018.02.17-20.50.27:654][  0]LocalizationService: Info Localization service is disabled
[2018.02.17-20.50.28:830][  0]LogConsoleResponse:Display: 
[2018.02.17-20.50.29:029][  0]LogCook:Display: Max memory allowance for cook 16384mb min free memory 0mb
[2018.02.17-20.50.29:029][  0]LogCook:Display: Mobile HDR setting 1
[2018.02.17-20.50.29:528][  0]LogFileCache: Scanning file cache for directory 'D:/Github/ProjectWorldAway/WorldsAway/Content/' took 0.02s
[2018.02.17-20.50.30:417][  0]SourceControl: Info Source control is disabled
[2018.02.17-20.50.30:417][  0]Cmd: MAP LOAD FILE="D:/Github/ProjectWorldAway/WorldsAway/Content/FirstPersonBP/Maps/FirstPersonExampleMap.umap" TEMPLATE=0 SHOWPROGRESS=1 FEATURELEVEL=3
[2018.02.17-20.50.30:436][  0]LightingResults: New page: Lighting Build
[2018.02.17-20.50.30:491][  0]MapCheck: New page: Map Check
[2018.02.17-20.50.30:491][  0]LightingResults: New page: Lighting Build
[2018.02.17-20.50.33:896][  0]LogAIModule: Creating AISystem for world FirstPersonExampleMap
[2018.02.17-20.50.33:968][  0]LogEditorServer: Finished looking for orphan Actors (0.000 secs)
[2018.02.17-20.50.34:003][  0]Cmd: MAP CHECKDEP NOCLEARLOG
[2018.02.17-20.50.34:107][  0]MapCheck: Info Map check complete: 0 Error(s), 0 Warning(s), took 103.898ms to complete.
[2018.02.17-20.50.34:107][  0]LogFileHelpers: Loading map 'FirstPersonExampleMap' took 3.690
[2018.02.17-20.50.34:308][  0]LogCollectionManager: Loaded 0 collections in 0.002134 seconds
[2018.02.17-20.50.34:398][  0]LogFileCache: Scanning file cache for directory 'D:/Github/ProjectWorldAway/WorldsAway/Saved/Collections/' took 0.01s
[2018.02.17-20.50.34:398][  0]LogFileCache: Scanning file cache for directory 'D:/Github/ProjectWorldAway/WorldsAway/Content/Developers/mauri000/Collections/' took 0.01s
[2018.02.17-20.50.34:398][  0]LogFileCache: Scanning file cache for directory 'D:/Github/ProjectWorldAway/WorldsAway/Content/Collections/' took 0.01s
[2018.02.17-20.50.34:398][  0]LogCollectionManager: Rebuilt the GUID cache for 0 collections in 0.000002 seconds
[2018.02.17-20.50.34:408][  0]LogContentBrowser: Native class hierarchy populated in 0.0101 seconds. Added 2329 classes and 491 folders.
[2018.02.17-20.50.34:490][  0]LogContentBrowser: Native class hierarchy updated for 'WidgetCarousel' in 0.0006 seconds. Added 0 classes and 0 folders.
[2018.02.17-20.50.34:543][  0]LogContentBrowser: Native class hierarchy updated for 'AddContentDialog' in 0.0006 seconds. Added 0 classes and 0 folders.
[2018.02.17-20.50.34:602][  0]LogContentBrowser: Native class hierarchy updated for 'SceneOutliner' in 0.0007 seconds. Added 1 classes and 2 folders.
[2018.02.17-20.50.34:742][  0]LogCrashTracker: Crashtracker disabled due to settings.
[2018.02.17-20.50.34:749][  0]LogSlate: Took 0.000337 seconds to synchronously load lazily loaded font '../../../Engine/Content/Slate/Fonts/Roboto-Regular.ttf' (155K)
[2018.02.17-20.50.34:752][  0]LogSlate: Took 0.000374 seconds to synchronously load lazily loaded font '../../../Engine/Content/Slate/Fonts/Roboto-Bold.ttf' (160K)
[2018.02.17-20.50.34:760][  0]LogSlate: Took 0.000255 seconds to synchronously load lazily loaded font '../../../Engine/Content/Editor/Slate/Fonts/FontAwesome.ttf' (139K)
[2018.02.17-20.50.34:863][  0]LogRenderer: Reallocating scene render targets to support 888x428 NumSamples 1 (Frame:1).
[2018.02.17-20.50.34:915][  0]LogSlate: Took 0.000180 seconds to synchronously load lazily loaded font '../../../Engine/Content/Slate/Fonts/Roboto-Light.ttf' (159K)
[2018.02.17-20.50.35:080][  0]LogUObjectGlobals:Warning: Failed to find object 'Class None.'
[2018.02.17-20.50.35:197][  0]LogContentBrowser: Native class hierarchy updated for 'HierarchicalLODOutliner' in 0.0007 seconds. Added 1 classes and 2 folders.
[2018.02.17-20.50.35:198][  0]LogLoad: (Engine Initialization) Total time: 30.99 seconds
[2018.02.17-20.50.35:198][  0]LogLoad: (Engine Initialization) Total Blueprint compile time: 0.22 seconds
[2018.02.17-20.50.35:198][  0]LogExternalProfiler: Found external profiler: VSPerf
[2018.02.17-20.50.35:198][  0]LogExternalProfiler: Using external profiler: VSPerf
[2018.02.17-20.50.35:207][  0]LogWindowsTextInputMethodSystem:Display: IME system now deactivated.
[2018.02.17-20.50.35:208][  0]LogOcInput: OculusInput pre-init called
[2018.02.17-20.50.35:208][  0]LogHMD: Starting GearVRController plugin
[2018.02.17-20.50.35:244][  0]LogContentStreaming: Texture pool size now 400 MB
[2018.02.17-20.50.35:288][  1]LogFileCache: Retrieving MD5 hashes for directory 'D:/Github/ProjectWorldAway/WorldsAway/Content/' took 0.07s
[2018.02.17-20.50.35:301][  1]LogAssetRegistry: Asset discovery search completed in 18.1969 seconds
[2018.02.17-20.50.35:305][  1]LogCollectionManager: Rebuilt the object cache for 0 collections in 0.000001 seconds (found 0 objects)
[2018.02.17-20.50.35:305][  1]LogCollectionManager: Fixed up redirectors for 0 collections in 0.000056 seconds (updated 0 objects)
[2018.02.17-20.52.33:414][106]LogSlate: Took 0.000613 seconds to synchronously load lazily loaded font '../../../Engine/Content/Slate/Fonts/Roboto-Light.ttf' (159K)
[2018.02.17-20.52.33:533][106]LogFactory: FactoryCreateFile: StaticMesh with FbxFactory (0 0 C:\Users\mauri_000\Downloads\oven (1).FBX)
[2018.02.17-20.52.33:729][106]LogFbx: ItemName: Model, ItemCount : 2
[2018.02.17-20.52.33:729][106]LogFbx: ItemName: Material, ItemCount : 11
[2018.02.17-20.52.33:729][106]LogFbx: ItemName: Texture, ItemCount : 7
[2018.02.17-20.52.33:729][106]LogFbx: ItemName: Video, ItemCount : 7
[2018.02.17-20.52.33:729][106]LogFbx: ItemName: SceneInfo, ItemCount : 1
[2018.02.17-20.52.33:729][106]LogFbx: ItemName: GlobalSettings, ItemCount : 1
[2018.02.17-20.52.33:816][106]LogFbx: Loading FBX Scene from C:\Users\mauri_000\Downloads\oven (1).FBX
[2018.02.17-20.52.33:866][106]LogFbx: FBX Scene Loaded Succesfully
[2018.02.17-20.52.36:167][106]LogFbx: Loading FBX Scene from C:\Users\mauri_000\Downloads\oven (1).FBX
[2018.02.17-20.52.36:179][106]LogFbx: FBX Scene Loaded Succesfully
[2018.02.17-20.52.36:213][106]LogLinker: Can't find file '/Game/Models/Stove/09_-_Default'
[2018.02.17-20.52.36:214][106]LogLinker: Can't find file '/Game/Models/Stove/09_-_Default'
[2018.02.17-20.52.36:314][106]LogLinker: Can't find file '/Game/Models/Stove/OVEN'
[2018.02.17-20.52.36:314][106]LogLinker: Can't find file '/Game/Models/Stove/OVEN'
[2018.02.17-20.52.36:315][106]LogFbxMaterialImport:Warning: Unable to find Texture file C:\Users\Appa\Pictures\kitchen\OVEN.JPG
[2018.02.17-20.52.36:359][106]LogMaterial: Missing cached shader map for material 09_-_Default, compiling. 
[2018.02.17-20.52.36:595][106]LogLinker: Can't find file '/Game/Models/Stove/15_-_Default'
[2018.02.17-20.52.36:595][106]LogLinker: Can't find file '/Game/Models/Stove/15_-_Default'
[2018.02.17-20.52.36:613][106]LogLinker: Can't find file '/Game/Models/Stove/STEEL_HA'
[2018.02.17-20.52.36:614][106]LogLinker: Can't find file '/Game/Models/Stove/STEEL_HA'
[2018.02.17-20.52.36:614][106]LogFbxMaterialImport:Warning: Unable to find Texture file STEEL HA.JPG
[2018.02.17-20.52.36:657][106]LogMaterial: Missing cached shader map for material 15_-_Default, compiling. 
[2018.02.17-20.52.36:707][106]LogLinker: Can't find file '/Game/Models/Stove/Material__81'
[2018.02.17-20.52.36:707][106]LogLinker: Can't find file '/Game/Models/Stove/Material__81'
[2018.02.17-20.52.36:737][106]LogMaterial: Missing cached shader map for material Material__81, compiling. 
[2018.02.17-20.52.36:763][106]LogLinker: Can't find file '/Game/Models/Stove/07_-_Default'
[2018.02.17-20.52.36:763][106]LogLinker: Can't find file '/Game/Models/Stove/07_-_Default'
[2018.02.17-20.52.36:862][106]LogLinker: Can't find file '/Game/Models/Stove/OVEN_TOP'
[2018.02.17-20.52.36:862][106]LogLinker: Can't find file '/Game/Models/Stove/OVEN_TOP'
[2018.02.17-20.52.36:863][106]LogFbxMaterialImport:Warning: Unable to find Texture file C:\Users\Appa\Pictures\kitchen\OVEN TOP.PNG
[2018.02.17-20.52.37:339][106]LogMaterial: Missing cached shader map for material 07_-_Default, compiling. 
[2018.02.17-20.52.37:390][106]LogSlate: Took 0.000225 seconds to synchronously load lazily loaded font '../../../Engine/Content/Slate/Fonts/Roboto-Regular.ttf' (155K)
[2018.02.17-20.52.37:397][106]LogLinker: Can't find file '/Game/Models/Stove/13_-_Default'
[2018.02.17-20.52.37:398][106]LogLinker: Can't find file '/Game/Models/Stove/13_-_Default'
[2018.02.17-20.52.37:415][106]LogLinker: Can't find file '/Game/Models/Stove/stove_top'
[2018.02.17-20.52.37:416][106]LogLinker: Can't find file '/Game/Models/Stove/stove_top'
[2018.02.17-20.52.37:416][106]LogFbxMaterialImport:Warning: Unable to find Texture file C:\Users\Appa\Pictures\kitchen\stove top.bmp
[2018.02.17-20.52.37:439][106]LogMaterial: Missing cached shader map for material 13_-_Default, compiling. 
[2018.02.17-20.52.37:469][106]LogLinker: Can't find file '/Game/Models/Stove/01_-_Default'
[2018.02.17-20.52.37:469][106]LogLinker: Can't find file '/Game/Models/Stove/01_-_Default'
[2018.02.17-20.52.37:486][106]LogFbxMaterialImport:Warning: Unable to find Texture file C:\Users\Appa\Pictures\kitchen\OVEN.JPG
[2018.02.17-20.52.37:495][106]LogMaterial: Missing cached shader map for material 01_-_Default, compiling. 
[2018.02.17-20.52.37:523][106]LogLinker: Can't find file '/Game/Models/Stove/19_-_Default'
[2018.02.17-20.52.37:523][106]LogLinker: Can't find file '/Game/Models/Stove/19_-_Default'
[2018.02.17-20.52.37:543][106]LogLinker: Can't find file '/Game/Models/Stove/steel'
[2018.02.17-20.52.37:543][106]LogLinker: Can't find file '/Game/Models/Stove/steel'
[2018.02.17-20.52.37:543][106]LogFbxMaterialImport:Warning: Unable to find Texture file C:\Users\Appa\Pictures\kitchen\steel.png
[2018.02.17-20.52.37:554][106]LogMaterial: Missing cached shader map for material 19_-_Default, compiling. 
[2018.02.17-20.52.37:587][106]LogFbx:Warning: Triangulating static mesh Box08
[2018.02.17-20.52.37:668][106]LogLinker: Can't find file '/Game/Models/Stove/02_-_Default'
[2018.02.17-20.52.37:668][106]LogLinker: Can't find file '/Game/Models/Stove/02_-_Default'
[2018.02.17-20.52.37:685][106]LogLinker: Can't find file '/Game/Models/Stove/tiles'
[2018.02.17-20.52.37:685][106]LogLinker: Can't find file '/Game/Models/Stove/tiles'
[2018.02.17-20.52.37:686][106]LogFbxMaterialImport:Warning: Unable to find Texture file C:\Users\Appa\Pictures\kitchen\tiles.bmp
[2018.02.17-20.52.37:689][106]LogMaterial: Missing cached shader map for material 02_-_Default, compiling. 
[2018.02.17-20.52.37:852][106]LogStaticMesh: Building static mesh oven__1_...
[2018.02.17-20.52.38:005][106]LogStaticMesh: Built static mesh [0.21s] /Game/Models/Stove/oven__1_.oven__1_
[2018.02.17-20.53.39:005][464]LogActorFactory: Actor Factory created oven__1_
[2018.02.17-20.53.40:259][558]LogActorFactory: Actor Factory created oven__1_
[2018.02.17-20.53.41:160][558]LogEditorViewport: Clicking on Actor (context menu): StaticMeshActor (Floor3)
[2018.02.17-20.53.43:507][672]LogEditorViewport: Clicking on Actor (LMB): StaticMeshActor (oven__1_)
[2018.02.17-20.54.44:350][620]LogEditorViewport: Clicking on Actor (LMB): StaticMeshActor (HalfWall11)
[2018.02.17-20.54.45:276][697]LogEditorViewport: Clicking on Actor (LMB): StaticMeshActor (oven__1_)
[2018.02.17-20.54.46:328][789]Cmd: DELETE
[2018.02.17-20.54.46:328][789]Cmd: ACTOR DELETE
[2018.02.17-20.54.46:757][789]LogEditorActor: Deleted Actor: StaticMeshActor
[2018.02.17-20.54.46:820][789]LogEditorActor: Deleted 1 Actors (0.111 secs)
[2018.02.17-20.54.59:746][705]LogEditorViewport: Clicking on Actor (LMB): StaticMeshActor (Bulletinboard)
[2018.02.17-20.55.16:470][206]LogEditorViewport: Clicking on Actor (LMB): StaticMeshActor (bulletinBoard)
[2018.02.17-20.55.17:877][322]Cmd: DUPLICATE
[2018.02.17-20.55.17:877][322]Cmd: ACTOR DUPLICATE
[2018.02.17-20.55.20:286][456]Cmd: TRANSACTION UNDO
[2018.02.17-20.55.20:287][456]LogEditorTransaction: Undo Move Actors
[2018.02.17-20.55.20:426][456]LogSlate: Took 0.000255 seconds to synchronously load lazily loaded font '../../../Engine/Content/Slate/Fonts/Roboto-Light.ttf' (159K)
[2018.02.17-20.55.22:964][648]Cmd: CAMERA ALIGN ACTIVEVIEWPORTONLY
[2018.02.17-20.55.28:529][ 79]LogEditorViewport: Clicking on Actor (LMB): StaticMeshActor (Bulletinboard)
[2018.02.17-20.55.33:166][475]LogEditorViewport: Clicking on Actor (LMB): StaticMeshActor (bulletinBoard2)
[2018.02.17-20.55.54:396][320]LogEditorViewport: Clicking on Actor (LMB): StaticMeshActor (bulletinBoard2)
[2018.02.17-20.55.57:464][529]LogEditorViewport: Clicking on Actor (LMB): StaticMeshActor (Bulletinboard)
[2018.02.17-20.56.24:325][847]LogEditorViewport: Clicking on Actor (LMB): StaticMeshActor (bulletinBoard2)
[2018.02.17-20.58.49:853][640]LogFactory: FactoryCreateFile: StaticMesh with FbxFactory (0 0 C:\Users\mauri_000\Downloads\ovenPlaneless.fbx)
[2018.02.17-20.58.49:930][640]LogFbx: ItemName: GlobalSettings, ItemCount : 1
[2018.02.17-20.58.49:931][640]LogFbx: ItemName: AnimationStack, ItemCount : 1
[2018.02.17-20.58.49:931][640]LogFbx: ItemName: AnimationLayer, ItemCount : 1
[2018.02.17-20.58.49:931][640]LogFbx: ItemName: Geometry, ItemCount : 1
[2018.02.17-20.58.49:931][640]LogFbx: ItemName: Material, ItemCount : 7
[2018.02.17-20.58.49:931][640]LogFbx: ItemName: Texture, ItemCount : 6
[2018.02.17-20.58.49:931][640]LogFbx: ItemName: Model, ItemCount : 1
[2018.02.17-20.58.49:931][640]LogFbx: ItemName: Video, ItemCount : 6
[2018.02.17-20.58.49:936][640]LogFbx: Loading FBX Scene from C:\Users\mauri_000\Downloads\ovenPlaneless.fbx
[2018.02.17-20.58.49:972][640]LogFbx: FBX Scene Loaded Succesfully
[2018.02.17-20.58.58:091][640]LogFbx: Loading FBX Scene from C:\Users\mauri_000\Downloads\ovenPlaneless.fbx
[2018.02.17-20.58.58:103][640]LogFbx: FBX Scene Loaded Succesfully
[2018.02.17-20.58.58:107][640]LogFbxMaterialImport:Warning: Unable to find Texture file C:\Users\Appa\Pictures\kitchen\OVEN.JPG
[2018.02.17-20.58.58:150][640]LogMaterial: Missing cached shader map for material 09_-_Default, compiling. 
[2018.02.17-20.58.58:174][640]LogFbxMaterialImport:Warning: Unable to find Texture file C:\Users\Appa\Pictures\kitchen\OVEN.JPG
[2018.02.17-20.58.58:195][640]LogMaterial: Missing cached shader map for material 01_-_Default, compiling. 
[2018.02.17-20.58.58:229][640]LogFbxMaterialImport:Warning: Unable to find Texture file C:\Users\Appa\Pictures\kitchen\steel.png
[2018.02.17-20.58.58:277][640]LogMaterial: Missing cached shader map for material 19_-_Default, compiling. 
[2018.02.17-20.58.58:350][640]LogFbxMaterialImport:Warning: Unable to find Texture file STEEL HA.JPG
[2018.02.17-20.58.58:396][640]LogMaterial: Missing cached shader map for material 15_-_Default, compiling. 
[2018.02.17-20.58.58:457][640]LogMaterial: Missing cached shader map for material Material__81, compiling. 
[2018.02.17-20.58.58:485][640]LogFbxMaterialImport:Warning: Unable to find Texture file C:\Users\Appa\Pictures\kitchen\OVEN TOP.PNG
[2018.02.17-20.58.58:514][640]LogMaterial: Missing cached shader map for material 07_-_Default, compiling. 
[2018.02.17-20.58.58:575][640]LogFbxMaterialImport:Warning: Unable to find Texture file C:\Users\Appa\Pictures\kitchen\stove top.bmp
[2018.02.17-20.58.58:580][640]LogMaterial: Missing cached shader map for material 13_-_Default, compiling. 
[2018.02.17-20.58.58:651][640]LogFbx:Warning: Triangulating static mesh Box08
[2018.02.17-20.58.58:713][640]LogStaticMesh: Building static mesh ovenPlaneless...
[2018.02.17-20.58.58:722][640]LogStaticMesh: Built static mesh [0.04s] /Game/Models/Stove/ovenPlaneless.ovenPlaneless
[2018.02.17-20.58.58:770][640]FBXImport:Warning: Warning No smoothing group information was found in this FBX scene.  Please make sure to enable the 'Export Smoothing Groups' option in the FBX Exporter plug-in before exporting the file.  Even for tools that don't support smoothing groups, the FBX Exporter will generate appropriate smoothing data at export-time so that correct vertex normals can be inferred while importing. 
[2018.02.17-20.59.17:502][599]LogContentBrowser: Native class hierarchy updated for 'BlueprintGraph' in 0.0018 seconds. Added 112 classes and 0 folders.
[2018.02.17-20.59.20:129][599]LogSlate: Took 0.014347 seconds to synchronously load lazily loaded font '../../../Engine/Content/Editor/Slate/Fonts/Roboto-BoldCondensed.ttf' (158K)
[2018.02.17-20.59.20:892][600]LogSlate: Took 0.007924 seconds to synchronously load lazily loaded font '../../../Engine/Content/Editor/Slate/Fonts/Roboto-Italic.ttf' (157K)
[2018.02.17-20.59.43:297][411]LogEditorViewport: Clicking on Actor (LMB): StaticMeshActor (Bulletinboard)
[2018.02.17-20.59.45:766][548]Cmd: DELETE
[2018.02.17-20.59.45:766][548]Cmd: ACTOR DELETE
[2018.02.17-20.59.45:778][548]LogEditorActor: Deleted Actor: StaticMeshActor
[2018.02.17-20.59.45:859][548]LogEditorActor: Deleted 1 Actors (0.093 secs)
[2018.02.17-21.01.05:859][ 33]LogActorFactory: Actor Factory created ovenPlaneless
[2018.02.17-21.01.06:880][108]LogActorFactory: Actor Factory created ovenPlaneless
[2018.02.17-21.01.45:643][ 17]LogEditorViewport: Clicking on Actor (context menu): StaticMeshActor (ovenPlaneless)
[2018.02.17-21.01.48:427][185]Cmd: ACTOR BAKEPREPIVOT
[2018.02.17-21.01.49:562][276]LogEditorViewport: Clicking on Actor (LMB): StaticMeshActor (ovenPlaneless)
[2018.02.17-21.02.17:627][514]Cmd: TRANSACTION UNDO
[2018.02.17-21.02.17:627][514]LogEditorTransaction: Undo Scale Actors
[2018.02.17-21.03.12:507][  7]Cmd: DELETE
[2018.02.17-21.03.12:507][  7]Cmd: ACTOR DELETE
[2018.02.17-21.03.12:518][  7]LogEditorActor: Deleted Actor: Brush
[2018.02.17-21.03.13:327][  7]LogEditorActor: Deleted 1 Actors (0.820 secs)
[2018.02.17-21.03.32:465][470]LogEditorViewport: Clicking on Actor (LMB): StaticMeshActor (ovenPlaneless)
[2018.02.17-21.03.48:959][830]LogEditorViewport: Clicking on Actor (CTRL LMB): StaticMeshActor (ovenPlaneless)
[2018.02.17-21.04.22:404][302]LogEditorViewport: Clicking on Actor (LMB): StaticMeshActor (Kitchen_1_Wardrobe4)
[2018.02.17-21.04.43:726][811]LogEditorViewport: Clicking on Actor (LMB): StaticMeshActor (Kitchen_1_Wardrobe4)
[2018.02.17-21.04.55:558][669]LogEditorViewport: Clicking on Actor (LMB): StaticMeshActor (Kitchen_1_Wardrobe4)
[2018.02.17-21.05.04:284][327]LogEditorViewport: Clicking on Actor (LMB): StaticMeshActor (Kitchen_1_Wardrobe4)
[2018.02.17-21.06.10:984][799]LogActorFactory: Actor Factory created Plane
[2018.02.17-21.06.11:770][841]LogActorFactory: Actor Factory created Plane
[2018.02.17-21.07.49:331][123]LogEditorViewport: Clicking on Actor (LMB): StaticMeshActor (ovenPlaneless)
[2018.02.17-21.08.16:097][972]Cmd: TRANSACTION UNDO
[2018.02.17-21.08.16:097][972]LogEditorTransaction: Undo Move Actors
[2018.02.17-21.09.30:152][521]LogEditorViewport: Clicking on Actor (LMB): StaticMeshActor (Plane)
[2018.02.17-21.10.03:795][852]EditorErrors: New page: Actor attachment
[2018.02.17-21.10.19:024][999]LogActorFactory: Actor Factory created Cylinder
[2018.02.17-21.10.19:821][ 44]LogActorFactory: Actor Factory created Cylinder
[2018.02.17-21.10.47:560][ 80]LogEditorViewport: Clicking on Actor (LMB): StaticMeshActor (ovenPlaneless)
[2018.02.17-21.10.48:382][140]LogEditorViewport: Clicking on Actor (LMB): StaticMeshActor (Cylinder3)
[2018.02.17-21.10.54:850][642]Cmd: DUPLICATE
[2018.02.17-21.10.54:850][642]Cmd: ACTOR DUPLICATE
[2018.02.17-21.10.57:798][866]Cmd: TRANSACTION UNDO
[2018.02.17-21.10.57:798][866]LogEditorTransaction: Undo Scale Actors
[2018.02.17-21.11.05:075][400]Cmd: DUPLICATE
[2018.02.17-21.11.05:075][400]Cmd: ACTOR DUPLICATE
[2018.02.17-21.11.12:397][960]LogEditorViewport: Clicking on Actor (LMB): StaticMeshActor (Cylinder5)
[2018.02.17-21.11.13:856][ 71]Cmd: DUPLICATE
[2018.02.17-21.11.13:856][ 71]Cmd: ACTOR DUPLICATE
[2018.02.17-21.11.31:519][419]Cmd: DELETE
[2018.02.17-21.11.31:519][419]Cmd: ACTOR DELETE
[2018.02.17-21.11.31:522][419]LogEditorActor: Deleted Actor: StaticMeshActor
[2018.02.17-21.11.31:568][419]LogEditorActor: Deleted 1 Actors (0.049 secs)
[2018.02.17-21.11.32:811][526]LogEditorViewport: Clicking on Actor (LMB): StaticMeshActor (Cylinder4)
[2018.02.17-21.11.36:103][779]Cmd: DUPLICATE
[2018.02.17-21.11.36:103][779]Cmd: ACTOR DUPLICATE
[2018.02.17-21.11.39:060][997]Cmd: TRANSACTION UNDO
[2018.02.17-21.11.39:060][997]LogEditorTransaction: Undo Move Actors
[2018.02.17-21.11.45:957][502]LogEditorViewport: Clicking on Actor (CTRL LMB): StaticMeshActor (Cylinder4)
[2018.02.17-21.11.48:299][682]LogEditorViewport: Clicking on Actor (LMB): StaticMeshActor (Cylinder5)
[2018.02.17-21.11.49:577][777]Cmd: DELETE
[2018.02.17-21.11.49:577][777]Cmd: ACTOR DELETE
[2018.02.17-21.11.49:582][777]LogEditorActor: Deleted Actor: StaticMeshActor
[2018.02.17-21.11.49:628][777]LogEditorActor: Deleted 1 Actors (0.051 secs)
[2018.02.17-21.11.50:366][839]LogEditorViewport: Clicking on Actor (LMB): StaticMeshActor (Cylinder3)
[2018.02.17-21.11.51:436][915]Cmd: DUPLICATE
[2018.02.17-21.11.51:436][915]Cmd: ACTOR DUPLICATE
[2018.02.17-21.11.54:786][162]LogEditorViewport: Clicking on Actor (LMB): StaticMeshActor (Cylinder3)
[2018.02.17-21.11.58:652][454]LogEditorViewport: Clicking on Actor (LMB): StaticMeshActor (Cylinder6)
[2018.02.17-21.12.22:375][246]LogEditorViewport: Clicking on Actor (LMB): StaticMeshActor (Cylinder5)
[2018.02.17-21.14.04:233][706]LogEditorViewport: Clicking on Actor (LMB): StaticMeshActor (Floor3)
[2018.02.17-21.14.06:616][864]LogEditorViewport: Clicking on Actor (LMB): StaticMeshActor (Burner4)
[2018.02.17-21.14.09:349][ 35]LogEditorViewport: Clicking on Actor (LMB): StaticMeshActor (ovenPlaneless)
[2018.02.17-21.14.10:538][124]Cmd: TRANSACTION UNDO
[2018.02.17-21.14.10:538][124]LogEditorTransaction: Undo Clicking on Actors
[2018.02.17-21.14.18:039][632]LogEditorViewport: Clicking on Actor (LMB): StaticMeshActor (Floor3)
[2018.02.17-21.14.22:583][966]LogEditorViewport: Clicking on Actor (LMB): StaticMeshActor (ovenPlaneless)
[2018.02.17-21.14.26:126][237]Cmd: TRANSACTION UNDO
[2018.02.17-21.14.26:126][237]LogEditorTransaction: Undo Move Actors
[2018.02.17-21.14.50:511][878]LogEditorViewport: Clicking on Actor (LMB): StaticMeshActor (ovenPlaneless)
[2018.02.17-21.15.08:959][245]LogEditorViewport: Clicking on Actor (LMB): StaticMeshActor (ovenPlaneless)
[2018.02.17-21.15.16:487][800]LogEditorViewport: Clicking on Actor (context menu): StaticMeshActor (ovenPlaneless)
[2018.02.17-21.15.20:425][ 71]Cmd: DUPLICATE
[2018.02.17-21.15.20:425][ 71]Cmd: ACTOR DUPLICATE
[2018.02.17-21.15.40:253][115]LogEditorViewport: Clicking on Actor (LMB): Brush (kitchenCounter)
[2018.02.17-21.15.42:043][237]LogEditorViewport: Clicking on Actor (LMB): Brush (kitchenCounter)
[2018.02.17-21.15.53:497][ 59]LogEditorViewport: Clicking on Actor (LMB): StaticMeshActor (ovenPlaneless)
[2018.02.17-21.16.23:495][ 41]LogEditorViewport: Clicking on Actor (LMB): StaticMeshActor (Kitchen_1_Wardrobe3)
[2018.02.17-21.17.15:348][956]LogEditorViewport: Clicking on Actor (LMB): StaticMeshActor (trashCan)
[2018.02.17-21.17.19:693][264]LogEditorViewport: Clicking on Actor (LMB): StaticMeshActor (trash)
[2018.02.17-21.17.21:778][408]Cmd: DUPLICATE
[2018.02.17-21.17.21:778][408]Cmd: ACTOR DUPLICATE
[2018.02.17-21.17.37:991][546]LogEditorViewport: Clicking on Actor (LMB): StaticMeshActor (trashCan)
[2018.02.17-21.17.40:759][727]LogEditorViewport: Clicking on Actor (LMB): StaticMeshActor (trash2)
[2018.02.17-21.17.44:954][990]LogEditorViewport: Clicking on Actor (LMB): StaticMeshActor (trashCan)
[2018.02.17-21.17.45:883][ 34]Cmd: DELETE
[2018.02.17-21.17.45:883][ 34]Cmd: ACTOR DELETE
[2018.02.17-21.17.45:889][ 34]LogEditorActor: Deleted Actor: StaticMeshActor
[2018.02.17-21.17.46:000][ 34]LogEditorActor: Deleted 1 Actors (0.117 secs)
[2018.02.17-21.17.47:828][144]LogEditorViewport: Clicking on Actor (LMB): StaticMeshActor (trash2)
[2018.02.17-21.21.08:068][912]LogSavePackage: Save=64859.83ms
[2018.02.17-21.21.08:068][912]LogSavePackage: Moving 'D:/Github/ProjectWorldAway/WorldsAway/Saved/FirstPersonExampleMap_Auto126E174554B456FA15F99F0959ECEBC25.tmp' to 'D:/Github/ProjectWorldAway/WorldsAway/Saved/Autosaves/Game/FirstPersonBP/Maps/FirstPersonExampleMap_Auto1.umap'
[2018.02.17-21.21.08:100][912]LogSavePackage:Display: Finished SavePackage D:/Github/ProjectWorldAway/WorldsAway/Saved/Autosaves/Game/FirstPersonBP/Maps/FirstPersonExampleMap_Auto1.umap
[2018.02.17-21.21.08:128][912]LogFileHelpers: Editor autosave (incl. sublevels) for '/Game/FirstPersonBP/Maps/FirstPersonExampleMap' took 65.905
[2018.02.17-21.21.08:129][912]LogFileHelpers: Editor autosave (incl. sublevels) for all levels took 65.905
[2018.02.17-21.21.08:332][912]OBJ SavePackage: Generating thumbnails for [1] asset(s) in package [/Game/Models/Stove/ovenPlaneless] ([1] browsable assets)...
[2018.02.17-21.21.08:388][912]OBJ SavePackage:     Rendered thumbnail for [StaticMesh /Game/Models/Stove/ovenPlaneless.ovenPlaneless]
[2018.02.17-21.21.08:388][912]OBJ SavePackage: Finished generating thumbnails for package [/Game/Models/Stove/ovenPlaneless]
[2018.02.17-21.21.08:388][912]Cmd: OBJ SAVEPACKAGE PACKAGE="/Game/Models/Stove/ovenPlaneless" FILE="D:/Github/ProjectWorldAway/WorldsAway/Saved/Autosaves/Game/Models/Stove/ovenPlaneless_Auto1.uasset" SILENT=false AUTOSAVING=true
[2018.02.17-21.21.09:522][912]LogSavePackage: Save=916.36ms
[2018.02.17-21.21.09:522][912]LogSavePackage: Moving 'D:/Github/ProjectWorldAway/WorldsAway/Saved/ovenPlaneless_Auto13B7DC5834EB687FD5EC5CE9E34DE1AD0.tmp' to 'D:/Github/ProjectWorldAway/WorldsAway/Saved/Autosaves/Game/Models/Stove/ovenPlaneless_Auto1.uasset'
[2018.02.17-21.21.09:538][912]LogSavePackage:Display: Finished SavePackage D:/Github/ProjectWorldAway/WorldsAway/Saved/Autosaves/Game/Models/Stove/ovenPlaneless_Auto1.uasset
[2018.02.17-21.21.09:541][912]OBJ SavePackage: Generating thumbnails for [1] asset(s) in package [/Game/Models/Stove/09_-_Default] ([1] browsable assets)...
[2018.02.17-21.21.09:572][912]OBJ SavePackage:     Rendered thumbnail for [Material /Game/Models/Stove/09_-_Default.09_-_Default]
[2018.02.17-21.21.09:572][912]OBJ SavePackage: Finished generating thumbnails for package [/Game/Models/Stove/09_-_Default]
[2018.02.17-21.21.09:572][912]Cmd: OBJ SAVEPACKAGE PACKAGE="/Game/Models/Stove/09_-_Default" FILE="D:/Github/ProjectWorldAway/WorldsAway/Saved/Autosaves/Game/Models/Stove/09_-_Default_Auto1.uasset" SILENT=false AUTOSAVING=true
[2018.02.17-21.21.09:671][912]LogSavePackage: Save=73.99ms
[2018.02.17-21.21.09:671][912]LogSavePackage: Moving 'D:/Github/ProjectWorldAway/WorldsAway/Saved/09_-_Default_Auto16D009DF7449BA43FA909C1B0962A0084.tmp' to 'D:/Github/ProjectWorldAway/WorldsAway/Saved/Autosaves/Game/Models/Stove/09_-_Default_Auto1.uasset'
[2018.02.17-21.21.09:679][912]LogSavePackage:Display: Finished SavePackage D:/Github/ProjectWorldAway/WorldsAway/Saved/Autosaves/Game/Models/Stove/09_-_Default_Auto1.uasset
[2018.02.17-21.21.09:680][912]OBJ SavePackage: Generating thumbnails for [1] asset(s) in package [/Game/Models/Stove/07_-_Default] ([1] browsable assets)...
[2018.02.17-21.21.09:698][912]OBJ SavePackage:     Rendered thumbnail for [Material /Game/Models/Stove/07_-_Default.07_-_Default]
[2018.02.17-21.21.09:698][912]OBJ SavePackage: Finished generating thumbnails for package [/Game/Models/Stove/07_-_Default]
[2018.02.17-21.21.09:701][912]Cmd: OBJ SAVEPACKAGE PACKAGE="/Game/Models/Stove/07_-_Default" FILE="D:/Github/ProjectWorldAway/WorldsAway/Saved/Autosaves/Game/Models/Stove/07_-_Default_Auto1.uasset" SILENT=false AUTOSAVING=true
[2018.02.17-21.21.09:768][912]LogSavePackage: Save=39.43ms
[2018.02.17-21.21.09:768][912]LogSavePackage: Moving 'D:/Github/ProjectWorldAway/WorldsAway/Saved/07_-_Default_Auto17CF218164D94EE9C6C1C05A23131C72A.tmp' to 'D:/Github/ProjectWorldAway/WorldsAway/Saved/Autosaves/Game/Models/Stove/07_-_Default_Auto1.uasset'
[2018.02.17-21.21.09:777][912]LogSavePackage:Display: Finished SavePackage D:/Github/ProjectWorldAway/WorldsAway/Saved/Autosaves/Game/Models/Stove/07_-_Default_Auto1.uasset
[2018.02.17-21.21.09:778][912]OBJ SavePackage: Generating thumbnails for [1] asset(s) in package [/Game/Models/Stove/01_-_Default] ([1] browsable assets)...
[2018.02.17-21.21.09:795][912]OBJ SavePackage:     Rendered thumbnail for [Material /Game/Models/Stove/01_-_Default.01_-_Default]
[2018.02.17-21.21.09:795][912]OBJ SavePackage: Finished generating thumbnails for package [/Game/Models/Stove/01_-_Default]
[2018.02.17-21.21.09:795][912]Cmd: OBJ SAVEPACKAGE PACKAGE="/Game/Models/Stove/01_-_Default" FILE="D:/Github/ProjectWorldAway/WorldsAway/Saved/Autosaves/Game/Models/Stove/01_-_Default_Auto1.uasset" SILENT=false AUTOSAVING=true
[2018.02.17-21.21.09:858][912]LogSavePackage: Save=37.45ms
[2018.02.17-21.21.09:858][912]LogSavePackage: Moving 'D:/Github/ProjectWorldAway/WorldsAway/Saved/01_-_Default_Auto11C16AF0C489956BD097E919989C995B0.tmp' to 'D:/Github/ProjectWorldAway/WorldsAway/Saved/Autosaves/Game/Models/Stove/01_-_Default_Auto1.uasset'
[2018.02.17-21.21.09:868][912]LogSavePackage:Display: Finished SavePackage D:/Github/ProjectWorldAway/WorldsAway/Saved/Autosaves/Game/Models/Stove/01_-_Default_Auto1.uasset
[2018.02.17-21.21.09:868][912]OBJ SavePackage: Generating thumbnails for [1] asset(s) in package [/Game/Models/Stove/19_-_Default] ([1] browsable assets)...
[2018.02.17-21.21.09:886][912]OBJ SavePackage:     Rendered thumbnail for [Material /Game/Models/Stove/19_-_Default.19_-_Default]
[2018.02.17-21.21.09:886][912]OBJ SavePackage: Finished generating thumbnails for package [/Game/Models/Stove/19_-_Default]
[2018.02.17-21.21.09:886][912]Cmd: OBJ SAVEPACKAGE PACKAGE="/Game/Models/Stove/19_-_Default" FILE="D:/Github/ProjectWorldAway/WorldsAway/Saved/Autosaves/Game/Models/Stove/19_-_Default_Auto1.uasset" SILENT=false AUTOSAVING=true
[2018.02.17-21.21.10:086][912]LogSavePackage: Save=70.15ms
[2018.02.17-21.21.10:086][912]LogSavePackage: Moving 'D:/Github/ProjectWorldAway/WorldsAway/Saved/19_-_Default_Auto1158E37DF4128824483F311ACA697061C.tmp' to 'D:/Github/ProjectWorldAway/WorldsAway/Saved/Autosaves/Game/Models/Stove/19_-_Default_Auto1.uasset'
[2018.02.17-21.21.10:098][912]LogSavePackage:Display: Finished SavePackage D:/Github/ProjectWorldAway/WorldsAway/Saved/Autosaves/Game/Models/Stove/19_-_Default_Auto1.uasset
[2018.02.17-21.21.10:101][912]OBJ SavePackage: Generating thumbnails for [1] asset(s) in package [/Game/Models/Stove/13_-_Default] ([1] browsable assets)...
[2018.02.17-21.21.10:135][912]OBJ SavePackage:     Rendered thumbnail for [Material /Game/Models/Stove/13_-_Default.13_-_Default]
[2018.02.17-21.21.10:135][912]OBJ SavePackage: Finished generating thumbnails for package [/Game/Models/Stove/13_-_Default]
[2018.02.17-21.21.10:135][912]Cmd: OBJ SAVEPACKAGE PACKAGE="/Game/Models/Stove/13_-_Default" FILE="D:/Github/ProjectWorldAway/WorldsAway/Saved/Autosaves/Game/Models/Stove/13_-_Default_Auto1.uasset" SILENT=false AUTOSAVING=true
[2018.02.17-21.21.10:207][912]LogSavePackage: Save=43.99ms
[2018.02.17-21.21.10:207][912]LogSavePackage: Moving 'D:/Github/ProjectWorldAway/WorldsAway/Saved/13_-_Default_Auto1D7955B15493AFBF540E94F9AFAC1FC19.tmp' to 'D:/Github/ProjectWorldAway/WorldsAway/Saved/Autosaves/Game/Models/Stove/13_-_Default_Auto1.uasset'
[2018.02.17-21.21.10:217][912]LogSavePackage:Display: Finished SavePackage D:/Github/ProjectWorldAway/WorldsAway/Saved/Autosaves/Game/Models/Stove/13_-_Default_Auto1.uasset
[2018.02.17-21.21.10:218][912]OBJ SavePackage: Generating thumbnails for [1] asset(s) in package [/Game/Models/Stove/15_-_Default] ([1] browsable assets)...
[2018.02.17-21.21.10:242][912]OBJ SavePackage:     Rendered thumbnail for [Material /Game/Models/Stove/15_-_Default.15_-_Default]
[2018.02.17-21.21.10:242][912]OBJ SavePackage: Finished generating thumbnails for package [/Game/Models/Stove/15_-_Default]
[2018.02.17-21.21.10:242][912]Cmd: OBJ SAVEPACKAGE PACKAGE="/Game/Models/Stove/15_-_Default" FILE="D:/Github/ProjectWorldAway/WorldsAway/Saved/Autosaves/Game/Models/Stove/15_-_Default_Auto1.uasset" SILENT=false AUTOSAVING=true
[2018.02.17-21.21.10:438][912]LogSavePackage: Save=64.45ms
[2018.02.17-21.21.10:440][912]LogSavePackage: Moving 'D:/Github/ProjectWorldAway/WorldsAway/Saved/15_-_Default_Auto18A199CDC4A7450D8E96F7292B7D0BCD4.tmp' to 'D:/Github/ProjectWorldAway/WorldsAway/Saved/Autosaves/Game/Models/Stove/15_-_Default_Auto1.uasset'
[2018.02.17-21.21.10:452][912]LogSavePackage:Display: Finished SavePackage D:/Github/ProjectWorldAway/WorldsAway/Saved/Autosaves/Game/Models/Stove/15_-_Default_Auto1.uasset
[2018.02.17-21.21.10:455][912]OBJ SavePackage: Generating thumbnails for [1] asset(s) in package [/Game/Models/Stove/Material__81] ([1] browsable assets)...
[2018.02.17-21.21.10:484][912]OBJ SavePackage:     Rendered thumbnail for [Material /Game/Models/Stove/Material__81.Material__81]
[2018.02.17-21.21.10:484][912]OBJ SavePackage: Finished generating thumbnails for package [/Game/Models/Stove/Material__81]
[2018.02.17-21.21.10:484][912]Cmd: OBJ SAVEPACKAGE PACKAGE="/Game/Models/Stove/Material__81" FILE="D:/Github/ProjectWorldAway/WorldsAway/Saved/Autosaves/Game/Models/Stove/Material__81_Auto1.uasset" SILENT=false AUTOSAVING=true
[2018.02.17-21.21.10:558][912]LogSavePackage: Save=47.43ms
[2018.02.17-21.21.10:558][912]LogSavePackage: Moving 'D:/Github/ProjectWorldAway/WorldsAway/Saved/Material__81_Auto14A2E97FC4793E59186FD5B861E520233.tmp' to 'D:/Github/ProjectWorldAway/WorldsAway/Saved/Autosaves/Game/Models/Stove/Material__81_Auto1.uasset'
[2018.02.17-21.21.10:566][912]LogSavePackage:Display: Finished SavePackage D:/Github/ProjectWorldAway/WorldsAway/Saved/Autosaves/Game/Models/Stove/Material__81_Auto1.uasset
[2018.02.17-21.21.10:566][912]LogFileHelpers: Auto-saving content packages took 2.419
[2018.02.17-21.22.01:072][910]MapCheck: New page: Map Check
[2018.02.17-21.22.01:111][910]Cmd: MAP REBUILD ALLVISIBLE
[2018.02.17-21.22.01:120][910]LogEditorServer: Rebuildmap Clear paths rebuilt
[2018.02.17-21.22.02:476][910]LightingResults: New page: Lighting Build - Feb 17, 2018, 11:22:02 AM
[2018.02.17-21.22.03:029][910]LogSwarmInterface: [OpenConnection] Registering TCP channel ...
[2018.02.17-21.22.03:184][910]LogSwarmInterface: [OpenConnection] Connecting to agent ...
[2018.02.17-21.22.03:491][910]LogSwarmInterface: [TryOpenConnection] Testing the Agent
[2018.02.17-21.22.07:540][910]LogSwarmInterface:Error: [TryOpenConnection] Waiting for the agent to start up ...
[2018.02.17-21.22.07:597][910]LogSwarmInterface:Error: System.Net.Sockets.SocketException (0x80004005): No connection could be made because the target machine actively refused it 127.0.0.1:8008

Server stack trace: 
   at System.Net.Sockets.Socket.DoConnect(EndPoint endPointSnapshot, SocketAddress socketAddress)
   at System.Net.Sockets.Socket.Connect(EndPoint remoteEP)
   at System.Runtime.Remoting.Channels.RemoteConnection.CreateNewSocket(EndPoint ipEndPoint)
   at System.Runtime.Remoting.Channels.SocketCache.GetSocket(String machinePortAndSid, Boolean openNew)
   at System.Runtime.Remoting.Channels.Tcp.TcpClientTransportSink.SendRequestWithRetry(IMessage msg, ITransportHeaders requestHeaders, Stream requestStream)
   at System.Runtime.Remoting.Channels.Tcp.TcpClientTransportSink.AsyncProcessRequest(IClientChannelSinkStack sinkStack, IMessage msg, ITransportHeaders headers, Stream stream)
   at System.Runtime.Remoting.Channels.BinaryClientFormatterSink.AsyncProcessMessage(IMessage msg, IMessageSink replySink)

Exception rethrown at [0]: 
   at System.Runtime.Remoting.Proxies.RealProxy.HandleReturnMessage(IMessage reqMsg, IMessage retMsg)
   at System.Runtime.Remoting.Proxies.RealProxy.PrivateInvoke(MessageData& msgData, Int32 type)
   at NSwarm.IAgentInterfaceWrapper.MethodDelegate.EndInvoke(Hashtable& OutParameters, IAsyncResult result)
   at NSwarm.FSwarmInterface.TryOpenConnection(FConnectionCallback CallbackFunc, IntPtr CallbackData, ELogFlags LoggingFlags)
[2018.02.17-21.22.12:997][910]LogSwarmInterface: [TryOpenConnection] Opening Connection to Agent
[2018.02.17-21.22.12:997][910]LogSwarmInterface: [TryOpenConnection] Local Process ID is 11420
[2018.02.17-21.22.16:752][910]LogStaticLightingSystem: Running Lightmass w/ ImmediateImport mode ENABLED
[2018.02.17-21.22.16:752][910]LogStaticLightingSystem: Running Lightmass w/ ImmediateProcess mode ENABLED
[2018.02.17-21.22.16:752][910]LogStaticLightingSystem: Running Lightmass w/ Sorting mode ENABLED
[2018.02.17-21.22.16:752][910]LogStaticLightingSystem: Running Lightmass w/ Mapping paddings ENABLED
[2018.02.17-21.22.16:752][910]LogStaticLightingSystem: Running Lightmass w/ Mapping debug paddings DISABLED
[2018.02.17-21.22.17:382][910]LogEditorBuildUtils: Build time 0:16
[2018.02.17-21.22.18:175][928]LogMaterial: Missing cached shader map for material FLightmassMaterialRenderer WoodMat, compiling. 
[2018.02.17-21.22.18:252][928]LogMaterial: Missing cached shader map for material FLightmassMaterialRenderer WoodMat, compiling. 
[2018.02.17-21.22.18:283][929]LogMaterial: Missing cached shader map for material FLightmassMaterialRenderer HandleMat, compiling. 
[2018.02.17-21.22.18:302][929]LogMaterial: Missing cached shader map for material FLightmassMaterialRenderer HandleMat, compiling. 
[2018.02.17-21.22.18:363][930]LogMaterial: Missing cached shader map for material FLightmassMaterialRenderer WoodMat, compiling. 
[2018.02.17-21.22.18:386][930]LogMaterial: Missing cached shader map for material FLightmassMaterialRenderer WoodMat, compiling. 
[2018.02.17-21.22.18:434][931]LogMaterial: Missing cached shader map for material FLightmassMaterialRenderer HandleMat, compiling. 
[2018.02.17-21.22.18:457][931]LogMaterial: Missing cached shader map for material FLightmassMaterialRenderer HandleMat, compiling. 
[2018.02.17-21.22.18:502][932]LogMaterial: Missing cached shader map for material FLightmassMaterialRenderer 09_-_Default, compiling. 
[2018.02.17-21.22.18:525][932]LogMaterial: Missing cached shader map for material FLightmassMaterialRenderer 09_-_Default, compiling. 
[2018.02.17-21.22.18:573][933]LogMaterial: Missing cached shader map for material FLightmassMaterialRenderer 15_-_Default, compiling. 
[2018.02.17-21.22.18:594][933]LogMaterial: Missing cached shader map for material FLightmassMaterialRenderer 15_-_Default, compiling. 
[2018.02.17-21.22.18:643][934]LogMaterial: Missing cached shader map for material FLightmassMaterialRenderer Material__81, compiling. 
[2018.02.17-21.22.18:663][934]LogMaterial: Missing cached shader map for material FLightmassMaterialRenderer Material__81, compiling. 
[2018.02.17-21.22.18:710][935]LogMaterial: Missing cached shader map for material FLightmassMaterialRenderer M_Rock_Sandstone, compiling. 
[2018.02.17-21.22.18:752][935]LogMaterial: Missing cached shader map for material FLightmassMaterialRenderer M_Rock_Sandstone, compiling. 
[2018.02.17-21.22.36:688][632]LightingResults:Warning: Warning Couch_2017 Object has overlapping UVs.
[2018.02.17-21.22.36:688][632]LightingResults: Info Couch_2017 Lightmap UV are overlapping by 3.1%. Please adjust content - Enable Error Coloring to visualize.
[2018.02.17-21.22.39:274][755]LightingResults:Warning: Warning Desk_Desk_Drawer_Large Object has overlapping UVs.
[2018.02.17-21.22.39:274][755]LightingResults: Info Desk_Desk_Drawer_Large Lightmap UV are overlapping by 41.7%. Please adjust content - Enable Error Coloring to visualize.
[2018.02.17-21.22.39:568][769]LightingResults:Warning: Warning Desk_Desk_Drawer_Small Object has overlapping UVs.
[2018.02.17-21.22.39:589][770]LightingResults: Info Desk_Desk_Drawer_Small Lightmap UV are overlapping by 41.8%. Please adjust content - Enable Error Coloring to visualize.
[2018.02.17-21.22.39:674][774]LightingResults:Warning: Warning ArmChair_Tube01 Object has overlapping UVs.
[2018.02.17-21.22.39:674][774]LightingResults: Info ArmChair_Tube01 Lightmap UV are overlapping by 43.3%. Please adjust content - Enable Error Coloring to visualize.
[2018.02.17-21.22.40:308][804]LightingResults:Warning: Warning ArmChair_Box01 Object has wrapping UVs.
[2018.02.17-21.22.40:308][804]LightingResults:Warning: Warning ArmChair_Box01 Object has overlapping UVs.
[2018.02.17-21.22.40:308][804]LightingResults: Info ArmChair_Box01 Lightmap UV are overlapping by 10.3%. Please adjust content - Enable Error Coloring to visualize.
[2018.02.17-21.22.41:781][874]LightingResults:Warning: Warning ArmChair_Tube02 Object has overlapping UVs.
[2018.02.17-21.22.41:781][874]LightingResults: Info ArmChair_Tube02 Lightmap UV are overlapping by 43.3%. Please adjust content - Enable Error Coloring to visualize.
[2018.02.17-21.22.42:623][914]LightingResults:Warning: Warning bookRow2 Object has overlapping UVs.
[2018.02.17-21.22.42:624][914]LightingResults: Info bookRow2 Lightmap UV are overlapping by 75.0%. Please adjust content - Enable Error Coloring to visualize.
[2018.02.17-21.22.43:548][958]LightingResults:Warning: Warning bookRow1 Object has overlapping UVs.
[2018.02.17-21.22.43:548][958]LightingResults: Info bookRow1 Lightmap UV are overlapping by 75.0%. Please adjust content - Enable Error Coloring to visualize.
[2018.02.17-21.22.43:757][968]LightingResults:Warning: Warning bookRow2 Object has overlapping UVs.
[2018.02.17-21.22.43:758][968]LightingResults: Info bookRow2 Lightmap UV are overlapping by 75.0%. Please adjust content - Enable Error Coloring to visualize.
[2018.02.17-21.22.44:578][  7]LightingResults:Warning: Warning Chair_13 Object has overlapping UVs.
[2018.02.17-21.22.44:578][  7]LightingResults: Info Chair_13 Lightmap UV are overlapping by 6.7%. Please adjust content - Enable Error Coloring to visualize.
[2018.02.17-21.22.45:378][ 45]LightingResults:Warning: Warning Chair_13 Object has overlapping UVs.
[2018.02.17-21.22.45:378][ 45]LightingResults: Info Chair_13 Lightmap UV are overlapping by 6.7%. Please adjust content - Enable Error Coloring to visualize.
[2018.02.17-21.22.45:378][ 45]LightingResults:Warning: Warning Chair_13 Object has overlapping UVs.
[2018.02.17-21.22.45:378][ 45]LightingResults: Info Chair_13 Lightmap UV are overlapping by 6.7%. Please adjust content - Enable Error Coloring to visualize.
[2018.02.17-21.22.46:053][ 77]LightingResults:Warning: Warning Chair_13 Object has overlapping UVs.
[2018.02.17-21.22.46:053][ 77]LightingResults: Info Chair_13 Lightmap UV are overlapping by 6.7%. Please adjust content - Enable Error Coloring to visualize.
[2018.02.17-21.22.47:523][147]LightingResults:Warning: Warning Chair_13 Object has overlapping UVs.
[2018.02.17-21.22.47:523][147]LightingResults: Info Chair_13 Lightmap UV are overlapping by 6.7%. Please adjust content - Enable Error Coloring to visualize.
[2018.02.17-21.22.49:321][232]LightingResults:Warning: Warning Chair_13 Object has overlapping UVs.
[2018.02.17-21.22.49:321][232]LightingResults: Info Chair_13 Lightmap UV are overlapping by 6.7%. Please adjust content - Enable Error Coloring to visualize.
[2018.02.17-21.22.49:385][235]LightingResults:Warning: Warning bookRow3 Object has overlapping UVs.
[2018.02.17-21.22.49:385][235]LightingResults: Info bookRow3 Lightmap UV are overlapping by 75.0%. Please adjust content - Enable Error Coloring to visualize.
[2018.02.17-21.22.49:658][248]LightingResults:Warning: Warning bookRow2 Object has overlapping UVs.
[2018.02.17-21.22.49:658][248]LightingResults: Info bookRow2 Lightmap UV are overlapping by 75.0%. Please adjust content - Enable Error Coloring to visualize.
[2018.02.17-21.22.49:888][259]LightingResults:Warning: Warning bookRow2 Object has overlapping UVs.
[2018.02.17-21.22.49:888][259]LightingResults: Info bookRow2 Lightmap UV are overlapping by 75.0%. Please adjust content - Enable Error Coloring to visualize.
[2018.02.17-21.22.50:015][265]LightingResults:Warning: Warning bookRow3 Object has overlapping UVs.
[2018.02.17-21.22.50:015][265]LightingResults: Info bookRow3 Lightmap UV are overlapping by 75.0%. Please adjust content - Enable Error Coloring to visualize.
[2018.02.17-21.22.50:058][267]LightingResults:Warning: Warning bookRow1 Object has overlapping UVs.
[2018.02.17-21.22.50:079][268]LightingResults: Info bookRow1 Lightmap UV are overlapping by 75.0%. Please adjust content - Enable Error Coloring to visualize.
[2018.02.17-21.22.50:268][277]LightingResults:Warning: Warning bookRow2 Object has overlapping UVs.
[2018.02.17-21.22.50:268][277]LightingResults: Info bookRow2 Lightmap UV are overlapping by 75.0%. Please adjust content - Enable Error Coloring to visualize.
[2018.02.17-21.22.51:001][312]LightingResults:Warning: Warning bennett_articulating_desk_lamp Object has overlapping UVs.
[2018.02.17-21.22.51:001][312]LightingResults: Info bennett_articulating_desk_lamp Lightmap UV are overlapping by 8.6%. Please adjust content - Enable Error Coloring to visualize.
[2018.02.17-21.22.52:764][396]LightingResults:Warning: Warning ArmChair_Cylinder01 Object has overlapping UVs.
[2018.02.17-21.22.52:764][396]LightingResults: Info ArmChair_Cylinder01 Lightmap UV are overlapping by 70.1%. Please adjust content - Enable Error Coloring to visualize.
[2018.02.17-21.22.53:039][409]LightingResults:Warning: Warning Desk_Desk_Desktop_Small Object has overlapping UVs.
[2018.02.17-21.22.53:040][409]LightingResults: Info Desk_Desk_Desktop_Small Lightmap UV are overlapping by 11.5%. Please adjust content - Enable Error Coloring to visualize.
[2018.02.17-21.22.54:387][473]LightingResults:Warning: Warning Desk_Desk_Desk_Main Object has overlapping UVs.
[2018.02.17-21.22.54:387][473]LightingResults: Info Desk_Desk_Desk_Main Lightmap UV are overlapping by 7.6%. Please adjust content - Enable Error Coloring to visualize.
[2018.02.17-21.23.30:513][192]Job is a success!
[2018.02.17-21.23.31:310][193]LogMaterial:Warning: Material /Game/Models/Stove/09_-_Default.09_-_Default needed to have new flag set bUsedWithStaticLighting !
[2018.02.17-21.23.31:336][193]LogMaterial: Missing cached shader map for material 09_-_Default, compiling. 
[2018.02.17-21.23.31:391][193]LogMaterial:Warning: Material /Game/Models/Stove/15_-_Default.15_-_Default needed to have new flag set bUsedWithStaticLighting !
[2018.02.17-21.23.31:416][193]LogMaterial: Missing cached shader map for material 15_-_Default, compiling. 
[2018.02.17-21.23.31:456][193]LogMaterial:Warning: Material /Game/Models/Stove/Material__81.Material__81 needed to have new flag set bUsedWithStaticLighting !
[2018.02.17-21.23.31:461][193]LogMaterial: Missing cached shader map for material Material__81, compiling. 
[2018.02.17-21.23.36:613][193]LogTexture:Display: Building textures: SkyOcclusion1_1 (AutoDXT, 1024X512)
[2018.02.17-21.23.36:613][193]LogTexture:Display: Building textures: HQ_Lightmap1_1 (AutoDXT, 1024X1024)
[2018.02.17-21.23.36:613][193]LogTexture:Display: Building textures: LQ_Lightmap_1_1 (DXT1, 1024X1024)
[2018.02.17-21.23.36:613][193]LogTexture:Display: Building textures: SkyOcclusion1_2 (AutoDXT, 256X128)
[2018.02.17-21.23.36:613][193]LogTexture:Display: Building textures: HQ_Lightmap1_2 (AutoDXT, 256X256)
[2018.02.17-21.23.36:613][193]LogTexture:Display: Building textures: LQ_Lightmap_1_2 (DXT1, 256X256)
[2018.02.17-21.23.36:613][193]LogTexture:Display: Building textures: SkyOcclusion1_3 (AutoDXT, 256X128)
[2018.02.17-21.23.36:613][193]LogTexture:Display: Building textures: HQ_Lightmap1_3 (AutoDXT, 256X256)
[2018.02.17-21.23.36:613][193]LogTexture:Display: Building textures: LQ_Lightmap_1_3 (DXT1, 256X256)
[2018.02.17-21.23.36:613][193]LogTexture:Display: Building textures: SkyOcclusion0_4 (AutoDXT, 1024X512)
[2018.02.17-21.23.36:613][193]LogTexture:Display: Building textures: HQ_Lightmap0_4 (AutoDXT, 1024X1024)
[2018.02.17-21.23.36:613][193]LogTexture:Display: Building textures: LQ_Lightmap_0_4 (DXT1, 1024X1024)
[2018.02.17-21.23.36:613][193]LogTexture:Display: Building textures: SkyOcclusion0_5 (AutoDXT, 256X128)
[2018.02.17-21.23.36:613][193]LogTexture:Display: Building textures: HQ_Lightmap0_5 (AutoDXT, 256X256)
[2018.02.17-21.23.36:613][193]LogTexture:Display: Building textures: LQ_Lightmap_0_5 (DXT1, 256X256)
[2018.02.17-21.23.36:613][193]LogTexture:Display: Building textures: SkyOcclusion0_6 (AutoDXT, 256X128)
[2018.02.17-21.23.36:613][193]LogTexture:Display: Building textures: HQ_Lightmap0_6 (AutoDXT, 256X256)
[2018.02.17-21.23.36:613][193]LogTexture:Display: Building textures: LQ_Lightmap_0_6 (DXT1, 256X256)
[2018.02.17-21.23.36:613][193]LogTexture:Display: Building textures: SkyOcclusion0_7 (AutoDXT, 128X64)
[2018.02.17-21.23.36:613][193]LogTexture:Display: Building textures: HQ_Lightmap0_7 (AutoDXT, 128X128)
[2018.02.17-21.23.36:613][193]LogTexture:Display: Building textures: LQ_Lightmap_0_7 (DXT1, 128X128)
[2018.02.17-21.23.36:613][193]LogTexture:Display: Building textures: SkyOcclusion0_8 (AutoDXT, 256X128)
[2018.02.17-21.23.36:613][193]LogTexture:Display: Building textures: HQ_Lightmap0_8 (AutoDXT, 256X256)
[2018.02.17-21.23.36:613][193]LogTexture:Display: Building textures: LQ_Lightmap_0_8 (DXT1, 256X256)
[2018.02.17-21.23.36:613][193]LogTexture:Display: Building textures: SkyOcclusion0_9 (AutoDXT, 512X256)
[2018.02.17-21.23.36:614][193]LogTexture:Display: Building textures: HQ_Lightmap0_9 (AutoDXT, 512X512)
[2018.02.17-21.23.36:614][193]LogTexture:Display: Building textures: LQ_Lightmap_0_9 (DXT1, 512X512)
[2018.02.17-21.23.36:614][193]LogTexture:Display: Building textures: SkyOcclusion0_10 (AutoDXT, 512X256)
[2018.02.17-21.23.36:614][193]LogTexture:Display: Building textures: HQ_Lightmap0_10 (AutoDXT, 512X512)
[2018.02.17-21.23.36:614][193]LogTexture:Display: Building textures: LQ_Lightmap_0_10 (DXT1, 512X512)
[2018.02.17-21.23.36:614][193]LogTexture:Display: Building textures: SkyOcclusion0_11 (AutoDXT, 256X128)
[2018.02.17-21.23.36:614][193]LogTexture:Display: Building textures: HQ_Lightmap0_11 (AutoDXT, 256X256)
[2018.02.17-21.23.36:614][193]LogTexture:Display: Building textures: LQ_Lightmap_0_11 (DXT1, 256X256)
[2018.02.17-21.23.36:614][193]LogTexture:Display: Building textures: HQ_Lightmap0_12 (AutoDXT, 512X512)
[2018.02.17-21.23.36:614][193]LogTexture:Display: Building textures: SkyOcclusion0_12 (AutoDXT, 512X256)
[2018.02.17-21.23.36:614][193]LogTexture:Display: Building textures: LQ_Lightmap_0_12 (DXT1, 512X512)
[2018.02.17-21.23.36:614][193]LogTexture:Display: Building textures: HQ_Lightmap0_13 (AutoDXT, 256X256)
[2018.02.17-21.23.36:614][193]LogTexture:Display: Building textures: LQ_Lightmap_0_13 (DXT1, 256X256)
[2018.02.17-21.23.36:614][193]LogTexture:Display: Building textures: SkyOcclusion0_13 (AutoDXT, 256X128)
[2018.02.17-21.23.36:614][193]LogTexture:Display: Building textures: SkyOcclusion0_14 (AutoDXT, 256X128)
[2018.02.17-21.23.36:614][193]LogTexture:Display: Building textures: LQ_Lightmap_0_14 (DXT1, 256X256)
[2018.02.17-21.23.36:614][193]LogTexture:Display: Building textures: SkyOcclusion0_15 (AutoDXT, 256X128)
[2018.02.17-21.23.36:614][193]LogTexture:Display: Building textures: HQ_Lightmap0_15 (AutoDXT, 256X256)
[2018.02.17-21.23.36:614][193]LogTexture:Display: Building textures: LQ_Lightmap_0_15 (DXT1, 256X256)
[2018.02.17-21.23.36:614][193]LogTexture:Display: Building textures: HQ_Lightmap0_14 (AutoDXT, 256X256)
[2018.02.17-21.23.36:614][193]LogTexture:Display: Building textures: SkyOcclusion0_16 (AutoDXT, 256X128)
[2018.02.17-21.23.36:614][193]LogTexture:Display: Building textures: HQ_Lightmap0_16 (AutoDXT, 256X256)
[2018.02.17-21.23.36:614][193]LogTexture:Display: Building textures: LQ_Lightmap_0_16 (DXT1, 256X256)
[2018.02.17-21.23.36:614][193]LogTexture:Display: Building textures: SkyOcclusion0_17 (AutoDXT, 256X128)
[2018.02.17-21.23.36:614][193]LogTexture:Display: Building textures: HQ_Lightmap0_17 (AutoDXT, 256X256)
[2018.02.17-21.23.36:614][193]LogTexture:Display: Building textures: LQ_Lightmap_0_17 (DXT1, 256X256)
[2018.02.17-21.23.36:614][193]LogTexture:Display: Building textures: SkyOcclusion0_18 (AutoDXT, 128X64)
[2018.02.17-21.23.36:614][193]LogTexture:Display: Building textures: HQ_Lightmap0_18 (AutoDXT, 128X128)
[2018.02.17-21.23.36:614][193]LogTexture:Display: Building textures: LQ_Lightmap_0_18 (DXT1, 128X128)
[2018.02.17-21.23.36:614][193]LogTexture:Display: Building textures: SkyOcclusion0_19 (AutoDXT, 256X128)
[2018.02.17-21.23.36:614][193]LogTexture:Display: Building textures: HQ_Lightmap0_19 (AutoDXT, 256X256)
[2018.02.17-21.23.36:614][193]LogTexture:Display: Building textures: SkyOcclusion0_20 (AutoDXT, 256X128)
[2018.02.17-21.23.36:614][193]LogTexture:Display: Building textures: HQ_Lightmap0_20 (AutoDXT, 256X256)
[2018.02.17-21.23.36:614][193]LogTexture:Display: Building textures: LQ_Lightmap_0_20 (DXT1, 256X256)
[2018.02.17-21.23.36:614][193]LogTexture:Display: Building textures: SkyOcclusion0_21 (AutoDXT, 256X128)
[2018.02.17-21.23.36:614][193]LogTexture:Display: Building textures: HQ_Lightmap0_21 (AutoDXT, 256X256)
[2018.02.17-21.23.36:614][193]LogTexture:Display: Building textures: LQ_Lightmap_0_21 (DXT1, 256X256)
[2018.02.17-21.23.36:614][193]LogTexture:Display: Building textures: LQ_Lightmap_0_19 (DXT1, 256X256)
[2018.02.17-21.23.36:614][193]LogTexture:Display: Building textures: HQ_Lightmap0_22 (AutoDXT, 256X256)
[2018.02.17-21.23.36:614][193]LogTexture:Display: Building textures: LQ_Lightmap_0_22 (DXT1, 256X256)
[2018.02.17-21.23.36:614][193]LogTexture:Display: Building textures: SkyOcclusion0_22 (AutoDXT, 256X128)
[2018.02.17-21.23.36:614][193]LogTexture:Display: Building textures: SkyOcclusion0_23 (AutoDXT, 256X128)
[2018.02.17-21.23.36:614][193]LogTexture:Display: Building textures: HQ_Lightmap0_23 (AutoDXT, 256X256)
[2018.02.17-21.23.36:614][193]LogTexture:Display: Building textures: LQ_Lightmap_0_23 (DXT1, 256X256)
[2018.02.17-21.23.36:614][193]LogTexture:Display: Building textures: SkyOcclusion0_24 (AutoDXT, 256X128)
[2018.02.17-21.23.36:614][193]LogTexture:Display: Building textures: HQ_Lightmap0_24 (AutoDXT, 256X256)
[2018.02.17-21.23.36:614][193]LogTexture:Display: Building textures: LQ_Lightmap_0_24 (DXT1, 256X256)
[2018.02.17-21.23.36:614][193]LogTexture:Display: Building textures: SkyOcclusion0_25 (AutoDXT, 256X128)
[2018.02.17-21.23.36:614][193]LogTexture:Display: Building textures: HQ_Lightmap0_25 (AutoDXT, 256X256)
[2018.02.17-21.23.36:615][193]LogTexture:Display: Building textures: LQ_Lightmap_0_25 (DXT1, 256X256)
[2018.02.17-21.23.36:615][193]LogTexture:Display: Building textures: SkyOcclusion0_26 (AutoDXT, 128X64)
[2018.02.17-21.23.36:615][193]LogTexture:Display: Building textures: HQ_Lightmap0_26 (AutoDXT, 128X128)
[2018.02.17-21.23.36:615][193]LogTexture:Display: Building textures: LQ_Lightmap_0_26 (DXT1, 128X128)
[2018.02.17-21.23.36:615][193]LogTexture:Display: Building textures: SkyOcclusion0_27 (AutoDXT, 128X64)
[2018.02.17-21.23.36:615][193]LogTexture:Display: Building textures: HQ_Lightmap0_27 (AutoDXT, 128X128)
[2018.02.17-21.23.36:615][193]LogTexture:Display: Building textures: LQ_Lightmap_0_27 (DXT1, 128X128)
[2018.02.17-21.23.36:615][193]LogTexture:Display: Building textures: SkyOcclusion1_28 (AutoDXT, 128X64)
[2018.02.17-21.23.36:615][193]LogTexture:Display: Building textures: HQ_Lightmap1_28 (AutoDXT, 128X128)
[2018.02.17-21.23.36:615][193]LogTexture:Display: Building textures: LQ_Lightmap_1_28 (DXT1, 128X128)
[2018.02.17-21.23.36:615][193]LogTexture:Display: Building textures: SkyOcclusion0_29 (AutoDXT, 256X128)
[2018.02.17-21.23.36:615][193]LogTexture:Display: Building textures: HQ_Lightmap0_29 (AutoDXT, 256X256)
[2018.02.17-21.23.36:615][193]LogTexture:Display: Building textures: LQ_Lightmap_0_29 (DXT1, 256X256)
[2018.02.17-21.23.36:615][193]LogTexture:Display: Building textures: SkyOcclusion0_30 (AutoDXT, 64X32)
[2018.02.17-21.23.36:615][193]LogTexture:Display: Building textures: HQ_Lightmap0_30 (AutoDXT, 64X64)
[2018.02.17-21.23.36:615][193]LogTexture:Display: Building textures: LQ_Lightmap_0_30 (DXT1, 64X64)
[2018.02.17-21.23.37:414][193]LogTexture:Display: Building textures: ShadowMapTexture2D_2 (BGRA8, 512X512)
[2018.02.17-21.23.37:606][193]LogTexture:Display: Building textures: ShadowMapTexture2D_3 (BGRA8, 1024X512)
[2018.02.17-21.23.37:780][193]Lightmass on MEE-PC: 1:13 min total, 4.46 sec importing, 1.33 sec setup, 4.23 sec photons, 1:03 min processing, 0 ms extra exporting [823/823 mappings]. Threads: 4:13 min total, 2:44 min processing.
[2018.02.17-21.23.38:044][193]LogStaticLightingSystem: Illumination: 1:35 min (5.07 sec encoding lightmaps, 989 ms encoding shadowmaps)
[2018.02.17-21.23.38:044][193]LogStaticLightingSystem: Lightmap texture memory:  10.3 MB (7.7 MB streaming, 2.7 MB non-streaming), 60 textures
[2018.02.17-21.23.38:044][193]LogStaticLightingSystem: Shadowmap texture memory: 4.0 MB (2.7 MB streaming, 1.3 MB non-streaming), 2 textures
[2018.02.17-21.23.38:758][193]DumpUnbuiltLightIteractions
[2018.02.17-21.23.38:758][193]Lights with unbuilt interactions: 0
[2018.02.17-21.23.38:758][193]
[2018.02.17-21.23.38:758][193]Primitives with unbuilt interactions: 0
[2018.02.17-21.23.38:809][194]Cmd: MAP CHECK NOTIFYRESULTS
[2018.02.17-21.23.38:810][194]MapCheck: New page: FirstPersonExampleMap - Feb 17, 2018, 11:23:38 AM
[2018.02.17-21.23.39:057][194]MapCheck:Warning: Warning 3d-model_330 Static mesh actor has NULL StaticMesh property 
[2018.02.17-21.23.39:057][194]MapCheck:Warning: Warning 3d-model_330 Static mesh actor has NULL StaticMesh property 
[2018.02.17-21.23.39:300][194]MapCheck: Info Map check complete: 0 Error(s), 2 Warning(s), took 490.507ms to complete.
[2018.02.17-21.27.05:626][212]LogSavePackage: Save=68714.90ms
[2018.02.17-21.27.05:626][212]LogSavePackage: Moving 'D:/Github/ProjectWorldAway/WorldsAway/Saved/FirstPersonExampleMap4664173B4346F2C837070F90A4969B90.tmp' to 'D:/Github/ProjectWorldAway/WorldsAway/Content/FirstPersonBP/Maps/FirstPersonExampleMap.umap'
[2018.02.17-21.27.05:687][212]LogSavePackage:Display: Finished SavePackage D:/Github/ProjectWorldAway/WorldsAway/Content/FirstPersonBP/Maps/FirstPersonExampleMap.umap
[2018.02.17-21.27.06:525][212]LogFileHelpers: Saving map 'FirstPersonExampleMap' took 70.833
[2018.02.17-21.27.24:379][212]LogSavePackage: Save=15671.67ms
[2018.02.17-21.27.24:382][212]LogSavePackage: Moving 'D:/Github/ProjectWorldAway/WorldsAway/Saved/FirstPersonExampleMap_BuiltData0E0D3E9148BFEC3651FC1DB73FA9D986.tmp' to 'D:/Github/ProjectWorldAway/WorldsAway/Content/FirstPersonBP/Maps/FirstPersonExampleMap_BuiltData.uasset'
[2018.02.17-21.27.24:545][212]LogSavePackage:Display: Finished SavePackage D:/Github/ProjectWorldAway/WorldsAway/Content/FirstPersonBP/Maps/FirstPersonExampleMap_BuiltData.uasset
[2018.02.17-21.27.24:597][212]Cmd: OBJ SAVEPACKAGE PACKAGE="/Game/Models/Stove/ovenPlaneless" FILE="D:/Github/ProjectWorldAway/WorldsAway/Content/Models/Stove/ovenPlaneless.uasset" SILENT=true
[2018.02.17-21.27.25:357][212]LogSavePackage: Save=674.51ms
[2018.02.17-21.27.25:357][212]LogSavePackage: Moving 'D:/Github/ProjectWorldAway/WorldsAway/Saved/ovenPlanelessBCB106934BDEF02F36011CB11026455F.tmp' to 'D:/Github/ProjectWorldAway/WorldsAway/Content/Models/Stove/ovenPlaneless.uasset'
[2018.02.17-21.27.25:381][212]LogSavePackage:Display: Finished SavePackage D:/Github/ProjectWorldAway/WorldsAway/Content/Models/Stove/ovenPlaneless.uasset
[2018.02.17-21.27.25:408][212]Cmd: OBJ SAVEPACKAGE PACKAGE="/Game/Models/Stove/09_-_Default" FILE="D:/Github/ProjectWorldAway/WorldsAway/Content/Models/Stove/09_-_Default.uasset" SILENT=true
[2018.02.17-21.27.25:485][212]LogSavePackage: Save=57.22ms
[2018.02.17-21.27.25:485][212]LogSavePackage: Moving 'D:/Github/ProjectWorldAway/WorldsAway/Saved/09_-_DefaultA816123044E0A40FD7C02D9303A81539.tmp' to 'D:/Github/ProjectWorldAway/WorldsAway/Content/Models/Stove/09_-_Default.uasset'
[2018.02.17-21.27.25:510][212]LogSavePackage:Display: Finished SavePackage D:/Github/ProjectWorldAway/WorldsAway/Content/Models/Stove/09_-_Default.uasset
[2018.02.17-21.27.25:536][212]Cmd: OBJ SAVEPACKAGE PACKAGE="/Game/Models/Stove/07_-_Default" FILE="D:/Github/ProjectWorldAway/WorldsAway/Content/Models/Stove/07_-_Default.uasset" SILENT=true
[2018.02.17-21.27.25:601][212]LogSavePackage: Save=39.30ms
[2018.02.17-21.27.25:601][212]LogSavePackage: Moving 'D:/Github/ProjectWorldAway/WorldsAway/Saved/07_-_Default2EA7ADBC45F65CDBE071DFAB0C9D5230.tmp' to 'D:/Github/ProjectWorldAway/WorldsAway/Content/Models/Stove/07_-_Default.uasset'
[2018.02.17-21.27.25:626][212]LogSavePackage:Display: Finished SavePackage D:/Github/ProjectWorldAway/WorldsAway/Content/Models/Stove/07_-_Default.uasset
[2018.02.17-21.27.25:648][212]Cmd: OBJ SAVEPACKAGE PACKAGE="/Game/Models/Stove/01_-_Default" FILE="D:/Github/ProjectWorldAway/WorldsAway/Content/Models/Stove/01_-_Default.uasset" SILENT=true
[2018.02.17-21.27.25:811][212]LogSavePackage: Save=39.98ms
[2018.02.17-21.27.25:811][212]LogSavePackage: Moving 'D:/Github/ProjectWorldAway/WorldsAway/Saved/01_-_DefaultF9380F2C498B87BB3BFB36B928B50297.tmp' to 'D:/Github/ProjectWorldAway/WorldsAway/Content/Models/Stove/01_-_Default.uasset'
[2018.02.17-21.27.25:836][212]LogSavePackage:Display: Finished SavePackage D:/Github/ProjectWorldAway/WorldsAway/Content/Models/Stove/01_-_Default.uasset
[2018.02.17-21.27.25:858][212]Cmd: OBJ SAVEPACKAGE PACKAGE="/Game/Models/Stove/19_-_Default" FILE="D:/Github/ProjectWorldAway/WorldsAway/Content/Models/Stove/19_-_Default.uasset" SILENT=true
[2018.02.17-21.27.25:919][212]LogSavePackage: Save=35.66ms
[2018.02.17-21.27.25:919][212]LogSavePackage: Moving 'D:/Github/ProjectWorldAway/WorldsAway/Saved/19_-_Default255235624E8ACAF8DDDE74B408EF4F62.tmp' to 'D:/Github/ProjectWorldAway/WorldsAway/Content/Models/Stove/19_-_Default.uasset'
[2018.02.17-21.27.25:950][212]LogSavePackage:Display: Finished SavePackage D:/Github/ProjectWorldAway/WorldsAway/Content/Models/Stove/19_-_Default.uasset
[2018.02.17-21.27.25:994][212]Cmd: OBJ SAVEPACKAGE PACKAGE="/Game/Models/Stove/13_-_Default" FILE="D:/Github/ProjectWorldAway/WorldsAway/Content/Models/Stove/13_-_Default.uasset" SILENT=true
[2018.02.17-21.27.26:061][212]LogSavePackage: Save=41.41ms
[2018.02.17-21.27.26:061][212]LogSavePackage: Moving 'D:/Github/ProjectWorldAway/WorldsAway/Saved/13_-_Default564E268B4E92987119F5B4AEBA677D63.tmp' to 'D:/Github/ProjectWorldAway/WorldsAway/Content/Models/Stove/13_-_Default.uasset'
[2018.02.17-21.27.26:089][212]LogSavePackage:Display: Finished SavePackage D:/Github/ProjectWorldAway/WorldsAway/Content/Models/Stove/13_-_Default.uasset
[2018.02.17-21.27.26:140][212]Cmd: OBJ SAVEPACKAGE PACKAGE="/Game/Models/Stove/15_-_Default" FILE="D:/Github/ProjectWorldAway/WorldsAway/Content/Models/Stove/15_-_Default.uasset" SILENT=true
[2018.02.17-21.27.26:223][212]LogSavePackage: Save=62.20ms
[2018.02.17-21.27.26:223][212]LogSavePackage: Moving 'D:/Github/ProjectWorldAway/WorldsAway/Saved/15_-_Default2FBDEB06473B72D742CB30A309F05D19.tmp' to 'D:/Github/ProjectWorldAway/WorldsAway/Content/Models/Stove/15_-_Default.uasset'
[2018.02.17-21.27.26:251][212]LogSavePackage:Display: Finished SavePackage D:/Github/ProjectWorldAway/WorldsAway/Content/Models/Stove/15_-_Default.uasset
[2018.02.17-21.27.26:285][212]Cmd: OBJ SAVEPACKAGE PACKAGE="/Game/Models/Stove/Material__81" FILE="D:/Github/ProjectWorldAway/WorldsAway/Content/Models/Stove/Material__81.uasset" SILENT=true
[2018.02.17-21.27.26:349][212]LogSavePackage: Save=44.51ms
[2018.02.17-21.27.26:349][212]LogSavePackage: Moving 'D:/Github/ProjectWorldAway/WorldsAway/Saved/Material__8122B02BAE4D926FA1F454119BA6CA056E.tmp' to 'D:/Github/ProjectWorldAway/WorldsAway/Content/Models/Stove/Material__81.uasset'
[2018.02.17-21.27.26:380][212]LogSavePackage:Display: Finished SavePackage D:/Github/ProjectWorldAway/WorldsAway/Content/Models/Stove/Material__81.uasset
[2018.02.17-21.28.30:241][803]Cmd: BRUSH SUBTRACT SELECTNEWBRUSH
[2018.02.17-21.28.32:205][964]Cmd: TRANSACTION UNDO
[2018.02.17-21.28.32:205][964]LogEditorTransaction: Undo Brush Subtract
[2018.02.17-21.28.32:238][964]LogPhysics:Warning: FDerivedDataPhysXCooker::BuildTriMesh: Triangle data from '/Game/FirstPersonBP/Maps/FirstPersonExampleMap.FirstPersonExampleMap:PersistentLevel.ModelComponent_476' invalid (12213 verts, 0 indices).
[2018.02.17-21.28.32:238][964]LogPhysics:Warning: FDerivedDataPhysXCooker::BuildTriMesh: Triangle data from '/Game/FirstPersonBP/Maps/FirstPersonExampleMap.FirstPersonExampleMap:PersistentLevel.ModelComponent_477' invalid (12213 verts, 0 indices).
[2018.02.17-21.28.32:239][964]LogPhysics:Warning: FDerivedDataPhysXCooker::BuildTriMesh: Triangle data from '/Game/FirstPersonBP/Maps/FirstPersonExampleMap.FirstPersonExampleMap:PersistentLevel.ModelComponent_478' invalid (12213 verts, 0 indices).
[2018.02.17-21.28.32:239][964]LogPhysics:Warning: FDerivedDataPhysXCooker::BuildTriMesh: Triangle data from '/Game/FirstPersonBP/Maps/FirstPersonExampleMap.FirstPersonExampleMap:PersistentLevel.ModelComponent_479' invalid (12213 verts, 0 indices).
[2018.02.17-21.28.32:240][964]LogPhysics:Warning: FDerivedDataPhysXCooker::BuildTriMesh: Triangle data from '/Game/FirstPersonBP/Maps/FirstPersonExampleMap.FirstPersonExampleMap:PersistentLevel.ModelComponent_480' invalid (12213 verts, 0 indices).
[2018.02.17-21.28.32:240][964]LogPhysics:Warning: FDerivedDataPhysXCooker::BuildTriMesh: Triangle data from '/Game/FirstPersonBP/Maps/FirstPersonExampleMap.FirstPersonExampleMap:PersistentLevel.ModelComponent_481' invalid (12213 verts, 0 indices).
[2018.02.17-21.28.32:241][964]LogPhysics:Warning: FDerivedDataPhysXCooker::BuildTriMesh: Triangle data from '/Game/FirstPersonBP/Maps/FirstPersonExampleMap.FirstPersonExampleMap:PersistentLevel.ModelComponent_482' invalid (12213 verts, 0 indices).
[2018.02.17-21.28.32:241][964]LogPhysics:Warning: FDerivedDataPhysXCooker::BuildTriMesh: Triangle data from '/Game/FirstPersonBP/Maps/FirstPersonExampleMap.FirstPersonExampleMap:PersistentLevel.ModelComponent_483' invalid (12213 verts, 0 indices).
[2018.02.17-21.28.32:241][964]LogPhysics:Warning: FDerivedDataPhysXCooker::BuildTriMesh: Triangle data from '/Game/FirstPersonBP/Maps/FirstPersonExampleMap.FirstPersonExampleMap:PersistentLevel.ModelComponent_484' invalid (12213 verts, 0 indices).
[2018.02.17-21.28.32:242][964]LogPhysics:Warning: FDerivedDataPhysXCooker::BuildTriMesh: Triangle data from '/Game/FirstPersonBP/Maps/FirstPersonExampleMap.FirstPersonExampleMap:PersistentLevel.ModelComponent_485' invalid (12213 verts, 0 indices).
[2018.02.17-21.28.32:242][964]LogPhysics:Warning: FDerivedDataPhysXCooker::BuildTriMesh: Triangle data from '/Game/FirstPersonBP/Maps/FirstPersonExampleMap.FirstPersonExampleMap:PersistentLevel.ModelComponent_486' invalid (12213 verts, 0 indices).
[2018.02.17-21.28.32:242][964]LogPhysics:Warning: FDerivedDataPhysXCooker::BuildTriMesh: Triangle data from '/Game/FirstPersonBP/Maps/FirstPersonExampleMap.FirstPersonExampleMap:PersistentLevel.ModelComponent_487' invalid (12213 verts, 0 indices).
[2018.02.17-21.28.32:242][964]LogPhysics:Warning: FDerivedDataPhysXCooker::BuildTriMesh: Triangle data from '/Game/FirstPersonBP/Maps/FirstPersonExampleMap.FirstPersonExampleMap:PersistentLevel.ModelComponent_488' invalid (12213 verts, 0 indices).
[2018.02.17-21.28.32:242][964]LogPhysics:Warning: FDerivedDataPhysXCooker::BuildTriMesh: Triangle data from '/Game/FirstPersonBP/Maps/FirstPersonExampleMap.FirstPersonExampleMap:PersistentLevel.ModelComponent_489' invalid (12213 verts, 0 indices).
[2018.02.17-21.28.32:242][964]LogPhysics:Warning: FDerivedDataPhysXCooker::BuildTriMesh: Triangle data from '/Game/FirstPersonBP/Maps/FirstPersonExampleMap.FirstPersonExampleMap:PersistentLevel.ModelComponent_490' invalid (12213 verts, 0 indices).
[2018.02.17-21.28.32:243][964]LogPhysics:Warning: FDerivedDataPhysXCooker::BuildTriMesh: Triangle data from '/Game/FirstPersonBP/Maps/FirstPersonExampleMap.FirstPersonExampleMap:PersistentLevel.ModelComponent_491' invalid (12213 verts, 0 indices).
[2018.02.17-21.28.32:243][964]LogPhysics:Warning: FDerivedDataPhysXCooker::BuildTriMesh: Triangle data from '/Game/FirstPersonBP/Maps/FirstPersonExampleMap.FirstPersonExampleMap:PersistentLevel.ModelComponent_492' invalid (12213 verts, 0 indices).
[2018.02.17-21.33.28:223][232]LogFactory: FactoryCreateFile: StaticMesh with FbxFactory (0 0 C:\Users\mauri_000\Downloads\evier.obj)
[2018.02.17-21.33.28:428][232]LogFbx: Loading FBX Scene from C:\Users\mauri_000\Downloads\evier.obj
[2018.02.17-21.33.33:248][232]LogFbx: FBX Scene Loaded Succesfully
[2018.02.17-21.33.36:023][232]LogFbx: Loading FBX Scene from C:\Users\mauri_000\Downloads\evier.obj
[2018.02.17-21.33.40:941][232]LogFbx: FBX Scene Loaded Succesfully
[2018.02.17-21.33.40:972][232]LogLinker: Can't find file '/Game/Models/Sink/defaultMat'
[2018.02.17-21.33.40:972][232]LogLinker: Can't find file '/Game/Models/Sink/defaultMat'
[2018.02.17-21.33.41:022][232]LogMaterial: Missing cached shader map for material defaultMat, compiling. 
[2018.02.17-21.33.41:042][232]LogFbx:Warning: Triangulating static mesh default
[2018.02.17-21.35.18:476][232]LogStaticMesh: Building static mesh evier...
