Log file open, 08/20/17 18:52:51
LogInit:Display: Running engine for game: WorldsAway
LogPlatformFile: Not using cached read wrapper
LogInit:Display: RandInit(814992120) SRandInit(814992120).
LogTaskGraph: Started task graph with 5 named threads and 6 total threads with 1 sets of task threads.
LogStats: Stats thread started at 0.130499
LogInit: Using libcurl 7.47.1
LogInit:  - built for x86_64-pc-win32
LogInit:  - supports SSL with OpenSSL/1.0.2g
LogInit:  - supports HTTP deflate (compression) using libz 1.2.8
LogInit:  - other features:
LogInit:      CURL_VERSION_SSL
LogInit:      CURL_VERSION_LIBZ
LogInit:      CURL_VERSION_IPV6
LogInit:      CURL_VERSION_ASYNCHDNS
LogInit:      CURL_VERSION_LARGEFILE
LogInit:      CURL_VERSION_IDN
LogInit:  CurlRequestOptions (configurable via config and command line):
LogInit:  - bVerifyPeer = false  - Libcurl will NOT verify peer certificate
LogInit:  - bUseHttpProxy = false  - Libcurl will NOT use HTTP proxy
LogInit:  - bDontReuseConnections = false  - Libcurl will reuse connections
LogInit:  - CertBundlePath = nullptr  - Libcurl will use whatever was configured at build time.
LogInit: Build: ++UE4+Release-4.16-CL-3561208
LogInit: Engine Version: 4.16.3-3561208+++UE4+Release-4.16
LogInit: Compatible Engine Version: 4.16.0-3452394+++UE4+Release-4.16
LogInit: Net CL: 3452394
LogDevObjectVersion: Number of dev versions registered: 16
LogDevObjectVersion:   Dev-Blueprints (B0D832E4-1F89-4F0D-ACCF-7EB736FD4AA2): 9
LogDevObjectVersion:   Dev-Build (E1C64328-A22C-4D53-A36C-8E866417BD8C): 0
LogDevObjectVersion:   Dev-Core (375EC13C-06E4-48FB-B500-84F0262A717E): 2
LogDevObjectVersion:   Dev-Editor (E4B068ED-F494-42E9-A231-DA0B2E46BB41): 17
LogDevObjectVersion:   Dev-Framework (CFFC743F-43B0-4480-9391-14DF171D2073): 23
LogDevObjectVersion:   Dev-Mobile (B02B49B5-BB20-44E9-A304-32B752E40360): 0
LogDevObjectVersion:   Dev-Networking (A4E4105C-59A1-49B5-A7C5-40C4547EDFEE): 0
LogDevObjectVersion:   Dev-Online (39C831C9-5AE6-47DC-9A44-9C173E1C8E7C): 0
LogDevObjectVersion:   Dev-Physics (78F01B33-EBEA-4F98-B9B4-84EACCB95AA2): 0
LogDevObjectVersion:   Dev-Platform (6631380F-2D4D-43E0-8009-CF276956A95A): 0
LogDevObjectVersion:   Dev-Rendering (12F88B9F-8875-4AFC-A67C-D90C383ABD29): 15
LogDevObjectVersion:   Dev-Sequencer (7B5AE74C-D270-4C10-A958-57980B212A5A): 4
LogDevObjectVersion:   Dev-VR (D7296918-1DD6-4BDD-9DE2-64A83CC13884): 0
LogDevObjectVersion:   Dev-LoadTimes (C2A15278-BFE7-4AFE-6C17-90FF531DF755): 1
LogDevObjectVersion:   Private-Geometry (6EACA3D4-40EC-4CC1-B786-8BED09428FC5): 1
LogDevObjectVersion:   Dev-AnimPhys (29E575DD-E0A3-4627-9D10-D276232CDCEA): 3
LogInit: Compiled (64-bit): Jul 28 2017 11:49:47
LogInit: Compiled with Visual C++: 19.00.24215.01
LogInit: Build Configuration: Development
LogInit: Branch Name: ++UE4+Release-4.16
LogInit: Command line:  /Temp/Autosaves/Game/FirstPersonBP/Maps/UEDPCFirstPersonExampleMap -game -PIEVIACONSOLE -ResX=1280 -ResY=720  -Multiprocess -messaging -SessionName="Play in Standalone Game" -windowed 
LogInit: Base directory: C:/Program Files (x86)/Epic Games/UE_4.16/Engine/Binaries/Win64/
LogInit: Installed Engine Build: 1
LogInit: Presizing for max 8388607 objects, including 0 objects not considered by GC, pre-allocating 0 bytes for permanent pool.
LogInit: Object subsystem initialized
[2017.08.20-23.52.53:063][  0]LogInit: Selected Device Profile: [Windows]
[2017.08.20-23.52.53:063][  0]LogInit: Applying CVar settings loaded from the selected device profile: [Windows]
[2017.08.20-23.52.53:074][  0]LogInit: Computer: MEE-PC
[2017.08.20-23.52.53:074][  0]LogInit: User: mauri000
[2017.08.20-23.52.53:074][  0]LogInit: CPU Page size=4096, Cores=2
[2017.08.20-23.52.53:074][  0]LogInit: High frequency timer resolution =2.533200 MHz
[2017.08.20-23.52.53:074][  0]LogMemory: Memory total: Physical=7.9GB (8GB approx)
[2017.08.20-23.52.53:074][  0]LogMemory: Platform Memory Stats for Windows
[2017.08.20-23.52.53:074][  0]LogMemory: Process Physical Memory: 272.41 MB used, 272.41 MB peak
[2017.08.20-23.52.53:074][  0]LogMemory: Process Virtual Memory: 258.54 MB used, 258.54 MB peak
[2017.08.20-23.52.53:074][  0]LogMemory: Physical Memory: 6254.37 MB used,  1828.91 MB free, 8083.27 MB total
[2017.08.20-23.52.53:074][  0]LogMemory: Virtual Memory: 634.30 MB used,  1828.91 MB free, 134217728.00 MB total
[2017.08.20-23.52.53:354][  0]LogInit: Using OS detected language (en-US).
[2017.08.20-23.52.53:354][  0]LogInit: Using OS detected locale (en-US).
[2017.08.20-23.52.53:361][  0]LogTextLocalizationManager: No specific localization for 'en-US' exists, so the 'en' localization will be used.
[2017.08.20-23.52.54:916][  0]LogD3D11RHI: D3D11 adapters:
[2017.08.20-23.52.54:979][  0]LogD3D11RHI:    0. 'NVIDIA GeForce 840M' (Feature Level 11_0)
[2017.08.20-23.52.54:979][  0]LogD3D11RHI:       2019/0/4041 MB DedicatedVideo/DedicatedSystem/SharedSystem, Outputs:1, VendorId:0x10de
[2017.08.20-23.52.54:995][  0]LogD3D11RHI:    1. 'Intel(R) HD Graphics Family' (Feature Level 11_0)
[2017.08.20-23.52.54:996][  0]LogD3D11RHI:       112/0/2048 MB DedicatedVideo/DedicatedSystem/SharedSystem, Outputs:0, VendorId:0x8086
[2017.08.20-23.52.54:999][  0]LogD3D11RHI:    2. 'Microsoft Basic Render Driver' (Feature Level 11_0)
[2017.08.20-23.52.54:999][  0]LogD3D11RHI:       0/0/4041 MB DedicatedVideo/DedicatedSystem/SharedSystem, Outputs:0, VendorId:0x1414
[2017.08.20-23.52.54:999][  0]LogD3D11RHI: Chosen D3D11 Adapter: 0
[2017.08.20-23.52.55:010][  0]LogD3D11RHI: Creating new Direct3DDevice
[2017.08.20-23.52.55:010][  0]LogD3D11RHI:     GPU DeviceId: 0x1341 (for the marketing name, search the web for "GPU Device Id")
[2017.08.20-23.52.55:010][  0]LogWindows: EnumDisplayDevices:
[2017.08.20-23.52.55:010][  0]LogWindows:    0. 'Intel(R) HD Graphics Family' (P:1 D:1)
[2017.08.20-23.52.55:011][  0]LogWindows:    1. 'Intel(R) HD Graphics Family' (P:0 D:0)
[2017.08.20-23.52.55:011][  0]LogWindows:    2. 'Intel(R) HD Graphics Family' (P:0 D:0)
[2017.08.20-23.52.55:011][  0]LogWindows: DebugString: PrimaryIsNotTheChoosenAdapter PrimaryIsNotTheChoosenAdapter PrimaryIsNotTheChoosenAdapter FoundDriverCount:0 
[2017.08.20-23.52.55:011][  0]LogD3D11RHI:     Adapter Name: NVIDIA GeForce 840M
[2017.08.20-23.52.55:011][  0]LogD3D11RHI:   Driver Version: Unknown (internal:Unknown, unified:Unknown)
[2017.08.20-23.52.55:011][  0]LogD3D11RHI:      Driver Date: Unknown
[2017.08.20-23.52.55:011][  0]LogRHI: Texture pool is 1361 MB (70% of 1945 MB)
[2017.08.20-23.52.55:031][  0]LogD3D11RHI: Async texture creation enabled
[2017.08.20-23.52.55:052][  0]LogD3D11RHI: GPU Timing Frequency: 1000.000000 (Debug: 2 2)
[2017.08.20-23.52.55:054][  0]LogShaderCompilers: Guid format shader working directory is 13 characters bigger than the processId version (D:/Github/ProjectWorldAway/WorldsAway/Intermediate/Shaders/WorkingDirectory/6484/).
[2017.08.20-23.52.55:054][  0]LogShaderCompilers: Cleaned the shader compiler working directory 'C:/Users/mauri_000/AppData/Local/Temp/UnrealShaderWorkingDir/67169587470FC57DC14E69BD46B89E7C/'.
[2017.08.20-23.52.55:054][  0]LogShaderCompilers:Display: Using Local Shader Compiler.
[2017.08.20-23.52.58:463][  0]LogTemp:Display: Loaded TP WindowsClientTargetPlatform
[2017.08.20-23.52.58:565][  0]LogTemp:Display: Loaded TP WindowsNoEditorTargetPlatform
[2017.08.20-23.52.58:656][  0]LogTemp:Display: Loaded TP WindowsServerTargetPlatform
[2017.08.20-23.52.58:785][  0]LogTemp:Display: Loaded TP WindowsTargetPlatform
[2017.08.20-23.52.58:785][  0]LogTargetPlatformManager:Display: Building Assets For Windows
[2017.08.20-23.53.00:811][  0]LogDerivedDataCache:Display: Max Cache Size: 512 MB
[2017.08.20-23.53.02:033][  0]LogDerivedDataCache: Loaded boot cache 1.22s 90MB C:/Users/mauri_000/AppData/Local/UnrealEngine/4.16/DerivedDataCache/Boot.ddc.
[2017.08.20-23.53.02:033][  0]LogDerivedDataCache:Display: Loaded Boot cache: C:/Users/mauri_000/AppData/Local/UnrealEngine/4.16/DerivedDataCache/Boot.ddc
[2017.08.20-23.53.02:033][  0]LogDerivedDataCache: FDerivedDataBackendGraph:  Pak pak cache file D:/Github/ProjectWorldAway/WorldsAway/DerivedDataCache/DDC.ddp not found, will not use a pak cache.
[2017.08.20-23.53.02:033][  0]LogDerivedDataCache: Unable to find inner node Pak for hierarchical cache Hierarchy.
[2017.08.20-23.53.02:033][  0]LogDerivedDataCache: FDerivedDataBackendGraph:  CompressedPak pak cache file D:/Github/ProjectWorldAway/WorldsAway/DerivedDataCache/Compressed.ddp not found, will not use a pak cache.
[2017.08.20-23.53.02:033][  0]LogDerivedDataCache: Unable to find inner node CompressedPak for hierarchical cache Hierarchy.
[2017.08.20-23.53.02:075][  0]LogDerivedDataCache:Display: Pak cache opened for reading ../../../Engine/DerivedDataCache/Compressed.ddp.
[2017.08.20-23.53.02:090][  0]LogDerivedDataCache: Using Local data cache path C:/Users/mauri_000/AppData/Local/UnrealEngine/Common/DerivedDataCache: Writable
[2017.08.20-23.53.02:102][  0]LogMaterial: Verifying Global Shaders for PCD3D_SM5
[2017.08.20-23.53.02:103][  0]LogSlate: Using Freetype 2.6.0
[2017.08.20-23.53.02:130][  0]LogSlate: SlateFontCache - WITH_FREETYPE: 1, WITH_HARFBUZZ: 1
[2017.08.20-23.53.02:130][  0]LogSlate: SlateFontCache - WITH_FREETYPE: 1, WITH_HARFBUZZ: 1
[2017.08.20-23.53.06:440][  0]LogAssetRegistry: FAssetRegistry took 0.0071 seconds to start up
[2017.08.20-23.53.06:450][  0]LogPackageLocalizationCache: Processed 4 localized package path(s) for 2 prioritized culture(s) in 0.009760 seconds
[2017.08.20-23.53.06:634][  0]LogInit: Selected Device Profile: [Windows]
[2017.08.20-23.53.06:733][  0]LogContentStreaming: Texture pool size is 1000.00 MB
[2017.08.20-23.53.07:202][  0]LogMeshUtilities: Using QuadricMeshReduction for automatic static mesh reduction
[2017.08.20-23.53.07:380][  0]LogSimplygon: Simplygon DLL not present - disabling.
[2017.08.20-23.53.07:535][  0]LogMeshUtilities: Using SimplygonSwarm for distributed automatic mesh merging
[2017.08.20-23.53.07:535][  0]LogMeshUtilities: No automatic skeletal mesh reduction module available
[2017.08.20-23.53.07:535][  0]LogMeshUtilities: No automatic mesh merging module available
[2017.08.20-23.53.08:371][  0]LogNetVersion: WorldsAway , NetCL: 3452394, EngineNetVer: 2, GameNetVer: 0 (Checksum: 3023924508)
[2017.08.20-23.53.08:515][  0]LogInit: WinSock: version 1.1 (2.2), MaxSocks=32767, MaxUdp=65467
[2017.08.20-23.53.12:359][  0]LogMoviePlayer: Initializing movie player
[2017.08.20-23.53.13:557][  0]LogCollectionManager: Loaded 0 collections in 0.003403 seconds
[2017.08.20-23.53.13:621][  0]LogFileCache: Scanning file cache for directory 'D:/Github/ProjectWorldAway/WorldsAway/Saved/Collections/' took 0.01s
[2017.08.20-23.53.13:621][  0]LogFileCache: Scanning file cache for directory 'D:/Github/ProjectWorldAway/WorldsAway/Content/Developers/mauri000/Collections/' took 0.01s
[2017.08.20-23.53.13:621][  0]LogFileCache: Scanning file cache for directory 'D:/Github/ProjectWorldAway/WorldsAway/Content/Collections/' took 0.01s
[2017.08.20-23.53.13:621][  0]LogCollectionManager: Rebuilt the object cache for 0 collections in 0.000002 seconds (found 0 objects)
[2017.08.20-23.53.13:621][  0]LogCollectionManager: Fixed up redirectors for 0 collections in 0.000056 seconds (updated 0 objects)
[2017.08.20-23.53.14:414][  0]LogTcpMessaging: Initializing TcpMessaging bridge
[2017.08.20-23.53.14:540][  0]LogUdpMessaging: Initializing bridge on interface 0.0.0.0:0 to multicast group 230.0.0.1:6666.
[2017.08.20-23.53.15:641][  0]SourceControl: Info Source control is disabled
[2017.08.20-23.53.15:641][  0]SourceControl: Info Source control is disabled
[2017.08.20-23.53.15:772][  0]SourceControl: Info Source control is disabled
[2017.08.20-23.53.16:403][  0]LogAndroidPermission: UAndroidPermissionCallbackProxy::GetInstance
[2017.08.20-23.53.17:221][  0]LogUObjectArray: 37220 objects as part of root set at end of initial load.
[2017.08.20-23.53.17:221][  0]LogUObjectAllocator: 8398840 out of 0 bytes used by permanent object pool.
[2017.08.20-23.53.17:221][  0]LogUObjectArray: CloseDisregardForGC: 0/0 objects in disregard for GC pool
[2017.08.20-23.53.17:537][  0]LogEngine: Initializing Engine...
[2017.08.20-23.53.17:541][  0]LogHMD: Failed to initialize OpenVR with code 110
[2017.08.20-23.53.17:790][  0]LogStats: UGameplayTagsManager::ConstructGameplayTagTree: Construct from data asset -  0.000 s
[2017.08.20-23.53.17:790][  0]LogStats: UGameplayTagsManager::ConstructGameplayTagTree: GameplayTagTreeChangedEvent.Broadcast -  0.000 s
[2017.08.20-23.53.17:859][  0]LogInit: XAudio2 using 'Speakers (Realtek High Definition Audio)' : 2 channels at 48 kHz using 32 bits per sample (channel mask 0x3)
[2017.08.20-23.53.17:906][  0]LogInit: FAudioDevice initialized.
[2017.08.20-23.53.17:931][  0]LogInit: Texture streaming: Enabled
[2017.08.20-23.53.17:985][  0]LogMaterial: Uniform references updated for custom material expression Custom.
[2017.08.20-23.53.18:591][  0]LogSlateStyle:Warning: Unable to find Slate Widget Style 'NormalText'. Using FTextBlockStyle defaults instead.
[2017.08.20-23.53.18:591][  0]LogSlateStyle:Warning: Unable to find Slate Widget Style 'SpinBox'. Using FSpinBoxStyle defaults instead.
[2017.08.20-23.53.19:113][  0]LogInit:Display: Game Engine Initialized.
[2017.08.20-23.53.19:411][  0]LogInit:Display: Starting Game.
[2017.08.20-23.53.19:426][  0]LogNet: Browse: /Temp/Autosaves/Game/FirstPersonBP/Maps/UEDPCFirstPersonExampleMap?Name=Player
[2017.08.20-23.53.19:437][  0]LogLoad: LoadMap: /Temp/Autosaves/Game/FirstPersonBP/Maps/UEDPCFirstPersonExampleMap?Name=Player
[2017.08.20-23.53.19:508][  0]LogMemory: Platform Memory Stats for Windows
[2017.08.20-23.53.19:508][  0]LogMemory: Process Physical Memory: 796.54 MB used, 891.80 MB peak
[2017.08.20-23.53.19:508][  0]LogMemory: Process Virtual Memory: 913.22 MB used, 960.55 MB peak
[2017.08.20-23.53.19:508][  0]LogMemory: Physical Memory: 6558.69 MB used,  1524.58 MB free, 8083.27 MB total
[2017.08.20-23.53.19:508][  0]LogMemory: Virtual Memory: 1519.73 MB used,  1524.58 MB free, 134217728.00 MB total
[2017.08.20-23.53.19:508][  0]LogMemory: 
[2017.08.20-23.53.19:508][  0]Allocator Stats for TBB: (not implemented)
[2017.08.20-23.53.30:378][  0]LogAIModule: Creating AISystem for world FirstPersonExampleMap
[2017.08.20-23.53.30:401][  0]LogLoad: Game class is 'FirstPersonGameMode_C'
[2017.08.20-23.53.30:453][  0]LogWorld: Bringing World /Temp/Autosaves/Game/FirstPersonBP/Maps/UEDPCFirstPersonExampleMap.FirstPersonExampleMap up for play (max tick rate 0) at 2017.08.20-18.53.30
[2017.08.20-23.53.30:455][  0]LogWorld: Bringing up level for play took: 0.040365
[2017.08.20-23.53.30:457][  0]LogGameMode: FindPlayerStart: PATHS NOT DEFINED or NO PLAYERSTART with positive rating
[2017.08.20-23.53.30:503][  0]LogLoad: Took 11.065708 seconds to LoadMap(/Temp/Autosaves/Game/FirstPersonBP/Maps/UEDPCFirstPersonExampleMap)
[2017.08.20-23.53.31:529][  0]LogRenderer: Reallocating scene render targets to support 1280x720 NumSamples 1 (Frame:1).
[2017.08.20-23.53.31:529][  0]LogLoad: (Engine Initialization) Total time: 42.03 seconds
[2017.08.20-23.53.31:529][  0]LogLoad: (Engine Initialization) Total Blueprint compile time: 0.30 seconds
[2017.08.20-23.53.31:529][  0]LogExternalProfiler: Found external profiler: VSPerf
[2017.08.20-23.53.31:529][  0]LogExternalProfiler: Using external profiler: VSPerf
[2017.08.20-23.53.31:550][  0]LogWindowsTextInputMethodSystem:Display: IME system now deactivated.
[2017.08.20-23.53.31:550][  0]LogOcInput: OculusInput pre-init called
[2017.08.20-23.53.31:551][  0]LogHMD: Starting GearVRController plugin
[2017.08.20-23.54.25:493][720]LogWindowsTextInputMethodSystem:Display: IME system now deactivated.
[2017.08.20-23.54.25:497][720]LogEngine: All Windows Closed
[2017.08.20-23.54.25:497][720]LogWindows: FPlatformMisc::RequestExit(0)
[2017.08.20-23.54.26:712][721]LogExit: Preparing to exit.
[2017.08.20-23.54.26:712][721]LogMoviePlayer: Shutting down movie player
[2017.08.20-23.54.28:190][721]LogExit: Game engine shut down
[2017.08.20-23.54.29:914][721]LogObj: Freed 0b from 0 cluster array pools.
[2017.08.20-23.54.29:914][721]LogExit: Object subsystem successfully closed.
[2017.08.20-23.54.30:128][721]LogD3D11RHI: Shutdown
[2017.08.20-23.54.30:128][721]LogD3D11RHI: CleanupD3DDevice
[2017.08.20-23.54.30:416][721]LogD3D11RHI: ~FD3D11DynamicRHI
[2017.08.20-23.54.30:921][721]LogModuleManager: Shutting down and abandoning module SequenceRecorderSections (296)
[2017.08.20-23.54.30:921][721]LogModuleManager: Shutting down and abandoning module SequenceRecorder (294)
[2017.08.20-23.54.30:935][721]LogModuleManager: Shutting down and abandoning module AutomationController (292)
[2017.08.20-23.54.30:960][721]LogModuleManager: Shutting down and abandoning module AutomationWorker (290)
[2017.08.20-23.54.30:965][721]LogModuleManager: Shutting down and abandoning module AIModule (288)
[2017.08.20-23.54.30:965][721]LogModuleManager: Shutting down and abandoning module GameplayDebugger (287)
[2017.08.20-23.54.31:020][721]LogModuleManager: Shutting down and abandoning module AITestSuite (285)
[2017.08.20-23.54.31:034][721]LogModuleManager: Shutting down and abandoning module WmfMediaFactory (282)
[2017.08.20-23.54.31:034][721]LogModuleManager: Shutting down and abandoning module AvfMediaFactory (280)
[2017.08.20-23.54.31:034][721]LogModuleManager: Shutting down and abandoning module AndroidMediaFactory (278)
[2017.08.20-23.54.31:034][721]LogModuleManager: Shutting down and abandoning module Media (277)
[2017.08.20-23.54.31:034][721]LogModuleManager: Shutting down and abandoning module CharacterAI (274)
[2017.08.20-23.54.31:034][721]LogModuleManager: Shutting down and abandoning module SessionServices (272)
[2017.08.20-23.54.31:034][721]LogModuleManager: Shutting down and abandoning module MovieSceneCapture (270)
[2017.08.20-23.54.31:034][721]LogModuleManager: Shutting down and abandoning module MovieSceneTracks (268)
[2017.08.20-23.54.31:034][721]LogModuleManager: Shutting down and abandoning module MovieScene (266)
[2017.08.20-23.54.31:034][721]LogModuleManager: Shutting down and abandoning module GeometryCache (264)
[2017.08.20-23.54.31:034][721]LogModuleManager: Shutting down and abandoning module GeometryCacheEd (263)
[2017.08.20-23.54.31:034][721]LogModuleManager: Shutting down and abandoning module Niagara (260)
[2017.08.20-23.54.31:034][721]LogModuleManager: Shutting down and abandoning module NiagaraEditor (259)
[2017.08.20-23.54.31:104][721]LogModuleManager: Shutting down and abandoning module StreamingPauseRendering (256)
[2017.08.20-23.54.31:104][721]LogModuleManager: Shutting down and abandoning module PortalServices (254)
[2017.08.20-23.54.31:104][721]LogModuleManager: Shutting down and abandoning module PortalRpc (252)
[2017.08.20-23.54.31:104][721]LogModuleManager: Shutting down and abandoning module MessagingRpc (250)
[2017.08.20-23.54.31:104][721]LogModuleManager: Shutting down and abandoning module ProfilerService (248)
[2017.08.20-23.54.31:115][721]LogModuleManager: Shutting down and abandoning module TaskGraph (246)
[2017.08.20-23.54.31:173][721]LogModuleManager: Shutting down and abandoning module SteamVRController (244)
[2017.08.20-23.54.31:173][721]LogModuleManager: Shutting down and abandoning module SteamVR (242)
[2017.08.20-23.54.31:173][721]LogModuleManager: Shutting down and abandoning module ProceduralMeshComponent (240)
[2017.08.20-23.54.31:181][721]LogModuleManager: Shutting down and abandoning module OculusLibrary (238)
[2017.08.20-23.54.31:181][721]LogModuleManager: Shutting down and abandoning module OculusInput (236)
[2017.08.20-23.54.31:181][721]LogModuleManager: Shutting down and abandoning module MobilePatchingUtils (234)
[2017.08.20-23.54.31:181][721]LogModuleManager: Shutting down and abandoning module CustomMeshComponent (232)
[2017.08.20-23.54.31:181][721]LogModuleManager: Shutting down and abandoning module CableComponent (230)
[2017.08.20-23.54.31:181][721]LogModuleManager: Shutting down and abandoning module ArchVisCharacter (228)
[2017.08.20-23.54.31:181][721]LogModuleManager: Shutting down and abandoning module AndroidPermission (226)
[2017.08.20-23.54.31:181][721]LogModuleManager: Shutting down and abandoning module HTML5Networking (222)
[2017.08.20-23.54.31:181][721]LogModuleManager: Shutting down and abandoning module VisualStudioSourceCodeAccess (220)
[2017.08.20-23.54.31:181][721]LogModuleManager: Shutting down and abandoning module DesktopPlatform (219)
[2017.08.20-23.54.31:181][721]LogModuleManager: Shutting down and abandoning module HotReload (217)
[2017.08.20-23.54.31:196][721]LogModuleManager: Shutting down and abandoning module UObjectPlugin (214)
[2017.08.20-23.54.31:196][721]LogModuleManager: Shutting down and abandoning module SubversionSourceControl (212)
[2017.08.20-23.54.31:212][721]LogModuleManager: Shutting down and abandoning module PerforceSourceControl (210)
[2017.08.20-23.54.31:272][721]LogModuleManager: Shutting down and abandoning module SourceControl (209)
[2017.08.20-23.54.31:304][721]LogModuleManager: Shutting down and abandoning module PhysXVehiclesEditor (206)
[2017.08.20-23.54.31:318][721]LogModuleManager: Shutting down and abandoning module PhysXVehicles (204)
[2017.08.20-23.54.31:318][721]LogModuleManager: Shutting down and abandoning module LocationServicesBPLibrary (202)
[2017.08.20-23.54.31:318][721]LogModuleManager: Shutting down and abandoning module ImmediatePhysicsEditor (200)
[2017.08.20-23.54.31:318][721]LogModuleManager: Shutting down and abandoning module ImmediatePhysics (198)
[2017.08.20-23.54.31:342][721]LogModuleManager: Shutting down and abandoning module UdpMessaging (196)
[2017.08.20-23.54.31:457][721]LogModuleManager: Shutting down and abandoning module TcpMessaging (194)
[2017.08.20-23.54.31:573][721]LogModuleManager: Shutting down and abandoning module GameplayTagsEditor (192)
[2017.08.20-23.54.31:599][721]LogModuleManager: Shutting down and abandoning module FacialAnimation (190)
[2017.08.20-23.54.31:599][721]LogModuleManager: Shutting down and abandoning module AssetManagerEditor (188)
[2017.08.20-23.54.31:635][721]LogModuleManager: Shutting down and abandoning module GraphEditor (187)
[2017.08.20-23.54.31:635][721]LogModuleManager: Shutting down and abandoning module ContentBrowser (185)
[2017.08.20-23.54.31:643][721]LogModuleManager: Shutting down and abandoning module CollectionManager (184)
[2017.08.20-23.54.31:643][721]LogDirectoryWatcher: A directory notification for 'D:/Github/ProjectWorldAway/WorldsAway/Content/Collections/' was aborted.
[2017.08.20-23.54.31:643][721]LogDirectoryWatcher: A directory notification for 'D:/Github/ProjectWorldAway/WorldsAway/Content/Developers/mauri000/Collections/' was aborted.
[2017.08.20-23.54.31:643][721]LogDirectoryWatcher: A directory notification for 'D:/Github/ProjectWorldAway/WorldsAway/Saved/Collections/' was aborted.
[2017.08.20-23.54.31:643][721]LogModuleManager: Shutting down and abandoning module DirectoryWatcher (183)
[2017.08.20-23.54.31:643][721]LogModuleManager: Shutting down and abandoning module LightPropagationVolumeRuntime (178)
[2017.08.20-23.54.31:643][721]LogModuleManager: Shutting down and abandoning module Paper2D (176)
[2017.08.20-23.54.31:656][721]LogModuleManager: Shutting down and abandoning module WindowsMoviePlayer (174)
[2017.08.20-23.54.31:656][721]LogModuleManager: Shutting down and abandoning module WmfMedia (172)
[2017.08.20-23.54.31:656][721]LogModuleManager: Shutting down and abandoning module ClothingSystemEditor (170)
[2017.08.20-23.54.31:666][721]LogModuleManager: Shutting down and abandoning module ClothingSystemRuntime (168)
[2017.08.20-23.54.31:680][721]LogModuleManager: Shutting down and abandoning module MediaAssets (166)
[2017.08.20-23.54.31:680][721]LogModuleManager: Shutting down and abandoning module GameLiveStreaming (164)
[2017.08.20-23.54.31:695][721]LogModuleManager: Shutting down and abandoning module VREditor (162)
[2017.08.20-23.54.31:696][721]LogModuleManager: Shutting down and abandoning module StringTableEditor (160)
[2017.08.20-23.54.31:711][721]LogModuleManager: Shutting down and abandoning module GameplayTasksEditor (158)
[2017.08.20-23.54.31:711][721]LogModuleManager: Shutting down and abandoning module BehaviorTreeEditor (156)
[2017.08.20-23.54.31:771][721]LogModuleManager: Shutting down and abandoning module FunctionalTesting (154)
[2017.08.20-23.54.31:771][721]LogModuleManager: Shutting down and abandoning module CollisionAnalyzer (152)
[2017.08.20-23.54.31:801][721]LogModuleManager: Shutting down and abandoning module UMG (150)
[2017.08.20-23.54.31:816][721]LogModuleManager: Shutting down and abandoning module UMGEditor (149)
[2017.08.20-23.54.31:873][721]LogModuleManager: Shutting down and abandoning module Sequencer (148)
[2017.08.20-23.54.31:895][721]LogModuleManager: Shutting down and abandoning module AssetTools (146)
[2017.08.20-23.54.31:935][721]LogModuleManager: Shutting down and abandoning module MessageLog (145)
[2017.08.20-23.54.31:935][721]LogModuleManager: Shutting down and abandoning module WorkspaceMenuStructure (144)
[2017.08.20-23.54.31:935][721]LogModuleManager: Shutting down and abandoning module SlateReflector (138)
[2017.08.20-23.54.31:965][721]LogModuleManager: Shutting down and abandoning module Slate (136)
[2017.08.20-23.54.31:965][721]LogModuleManager: Shutting down and abandoning module EditorStyle (134)
[2017.08.20-23.54.31:968][721]LogModuleManager: Shutting down and abandoning module Messaging (132)
[2017.08.20-23.54.31:968][721]LogModuleManager: Shutting down and abandoning module SourceCodeAccess (130)
[2017.08.20-23.54.31:968][721]LogModuleManager: Shutting down and abandoning module HeadMountedDisplay (128)
[2017.08.20-23.54.31:968][721]LogModuleManager: Shutting down and abandoning module XAudio2 (126)
[2017.08.20-23.54.31:968][721]LogModuleManager: Shutting down and abandoning module Networking (124)
[2017.08.20-23.54.31:968][721]LogModuleManager: Shutting down and abandoning module Core (120)
[2017.08.20-23.54.31:968][721]LogModuleManager: Shutting down and abandoning module KismetCompiler (118)
[2017.08.20-23.54.31:968][721]LogModuleManager: Shutting down and abandoning module LevelSequence (116)
[2017.08.20-23.54.31:968][721]LogModuleManager: Shutting down and abandoning module PhysXFormats (114)
[2017.08.20-23.54.31:968][721]LogModuleManager: Shutting down and abandoning module MeshUtilities (112)
[2017.08.20-23.54.31:991][721]LogModuleManager: Shutting down and abandoning module SimplygonSwarm (111)
[2017.08.20-23.54.31:996][721]LogModuleManager: Shutting down and abandoning module SimplygonMeshReduction (109)
[2017.08.20-23.54.31:996][721]LogModuleManager: Shutting down and abandoning module QuadricMeshReduction (107)
[2017.08.20-23.54.32:014][721]LogModuleManager: Shutting down and abandoning module AssetRegistry (104)
[2017.08.20-23.54.32:014][721]LogModuleManager: Shutting down and abandoning module DerivedDataCache (102)
[2017.08.20-23.54.32:411][721]LogDerivedDataCache: Shutdown
[2017.08.20-23.54.32:412][721]LogModuleManager: Shutting down and abandoning module TargetPlatform (100)
[2017.08.20-23.54.32:412][721]LogModuleManager: Shutting down and abandoning module VulkanShaderFormat (99)
[2017.08.20-23.54.32:483][721]LogModuleManager: Shutting down and abandoning module ShaderFormatVectorVM (97)
[2017.08.20-23.54.32:493][721]LogModuleManager: Shutting down and abandoning module ShaderFormatOpenGL (95)
[2017.08.20-23.54.32:521][721]LogModuleManager: Shutting down and abandoning module ShaderFormatD3D (93)
[2017.08.20-23.54.32:521][721]LogModuleManager: Shutting down and abandoning module MetalShaderFormat (91)
[2017.08.20-23.54.32:534][721]LogModuleManager: Shutting down and abandoning module TextureFormatUncompressed (89)
[2017.08.20-23.54.32:534][721]LogModuleManager: Shutting down and abandoning module TextureFormatPVR (87)
[2017.08.20-23.54.32:534][721]LogModuleManager: Shutting down and abandoning module TextureFormatDXT (85)
[2017.08.20-23.54.32:534][721]LogModuleManager: Shutting down and abandoning module TextureFormatIntelISPCTexComp (83)
[2017.08.20-23.54.32:546][721]LogModuleManager: Shutting down and abandoning module TextureFormatASTC (81)
[2017.08.20-23.54.32:546][721]LogModuleManager: Shutting down and abandoning module ImageWrapper (80)
[2017.08.20-23.54.32:546][721]LogModuleManager: Shutting down and abandoning module TextureFormatAndroid (77)
[2017.08.20-23.54.32:546][721]LogModuleManager: Shutting down and abandoning module AudioFormatOpus (75)
[2017.08.20-23.54.32:546][721]LogModuleManager: Shutting down and abandoning module AudioFormatOgg (73)
[2017.08.20-23.54.32:547][721]LogModuleManager: Shutting down and abandoning module AudioFormatADPCM (71)
[2017.08.20-23.54.32:547][721]LogModuleManager: Shutting down and abandoning module WindowsTargetPlatform (69)
[2017.08.20-23.54.32:547][721]LogModuleManager: Shutting down and abandoning module WindowsServerTargetPlatform (67)
[2017.08.20-23.54.32:547][721]LogModuleManager: Shutting down and abandoning module WindowsNoEditorTargetPlatform (65)
[2017.08.20-23.54.32:547][721]LogModuleManager: Shutting down and abandoning module WindowsClientTargetPlatform (63)
[2017.08.20-23.54.32:547][721]LogModuleManager: Shutting down and abandoning module InputCore (60)
[2017.08.20-23.54.32:547][721]LogModuleManager: Shutting down and abandoning module Settings (58)
[2017.08.20-23.54.32:547][721]LogModuleManager: Shutting down and abandoning module OculusRift (56)
[2017.08.20-23.54.32:554][721]LogModuleManager: Shutting down and abandoning module GearVRController (54)
[2017.08.20-23.54.32:554][721]LogModuleManager: Shutting down and abandoning module GearVR (52)
[2017.08.20-23.54.32:578][721]LogModuleManager: Shutting down and abandoning module ExampleDeviceProfileSelector (50)
[2017.08.20-23.54.32:578][721]LogModuleManager: Shutting down and abandoning module OnlineBlueprintSupport (48)
[2017.08.20-23.54.32:578][721]LogModuleManager: Shutting down and abandoning module OnlineSubsystem (44)
[2017.08.20-23.54.32:578][721]LogOnline:Display: Unloading online subsystem: NULL
[2017.08.20-23.54.32:616][721]LogModuleManager: Shutting down and abandoning module XMPP (43)
[2017.08.20-23.54.32:634][721]LogModuleManager: Shutting down and abandoning module HTTP (41)
[2017.08.20-23.54.32:644][721]LogModuleManager: Shutting down and abandoning module SSL (40)
[2017.08.20-23.54.32:678][721]LogModuleManager: Shutting down and abandoning module HTTPChunkInstaller (36)
[2017.08.20-23.54.32:709][721]LogModuleManager: Shutting down and abandoning module AnimationModifiers (34)
[2017.08.20-23.54.32:715][721]LogModuleManager: Shutting down and abandoning module PropertyEditor (33)
[2017.08.20-23.54.32:715][721]LogModuleManager: Shutting down and abandoning module AudioEditor (30)
[2017.08.20-23.54.32:732][721]LogModuleManager: Shutting down and abandoning module TextureCompressor (28)
[2017.08.20-23.54.32:732][721]LogModuleManager: Shutting down and abandoning module ShaderCore (26)
[2017.08.20-23.54.32:732][721]LogModuleManager: Shutting down and abandoning module Landscape (24)
[2017.08.20-23.54.32:732][721]LogModuleManager: Shutting down and abandoning module SlateRHIRenderer (22)
[2017.08.20-23.54.32:752][721]LogModuleManager: Shutting down and abandoning module OpenGLDrv (20)
[2017.08.20-23.54.32:773][721]LogModuleManager: Shutting down and abandoning module D3D11RHI (18)
[2017.08.20-23.54.32:773][721]LogModuleManager: Shutting down and abandoning module AnimGraphRuntime (16)
[2017.08.20-23.54.32:785][721]LogModuleManager: Shutting down and abandoning module Renderer (14)
[2017.08.20-23.54.32:785][721]LogModuleManager: Shutting down and abandoning module Engine (12)
[2017.08.20-23.54.32:785][721]LogModuleManager: Shutting down and abandoning module CoreUObject (10)
[2017.08.20-23.54.32:785][721]LogModuleManager: Shutting down and abandoning module NetworkFile (8)
[2017.08.20-23.54.32:786][721]LogModuleManager: Shutting down and abandoning module StreamingFile (6)
[2017.08.20-23.54.32:786][721]LogModuleManager: Shutting down and abandoning module SandboxFile (4)
[2017.08.20-23.54.32:797][721]LogModuleManager: Shutting down and abandoning module PakFile (2)
[2017.08.20-23.54.32:812][721]LogExit: Exiting.
[2017.08.20-23.54.32:814][721]Log file closed, 08/20/17 18:54:32
