Log file open, 02/17/18 00:01:11
LogInit:Display: Running engine for game: WorldsAway
LogPlatformFile: Not using cached read wrapper
LogInit:Display: RandInit(1687089227) SRandInit(1687089227).
LogTaskGraph: Started task graph with 5 named threads and 6 total threads with 1 sets of task threads.
LogStats: Stats thread started at 0.103551
LogInit: Using libcurl 7.47.1
LogInit:  - built for x86_64-pc-win32
LogInit:  - supports SSL with OpenSSL/1.0.2g
LogInit:  - supports HTTP deflate (compression) using libz 1.2.8
LogInit:  - other features:
LogInit:      CURL_VERSION_SSL
LogInit:      CURL_VERSION_LIBZ
LogInit:      CURL_VERSION_IPV6
LogInit:      CURL_VERSION_ASYNCHDNS
LogInit:      CURL_VERSION_LARGEFILE
LogInit:      CURL_VERSION_IDN
LogInit:  CurlRequestOptions (configurable via config and command line):
LogInit:  - bVerifyPeer = false  - Libcurl will NOT verify peer certificate
LogInit:  - bUseHttpProxy = false  - Libcurl will NOT use HTTP proxy
LogInit:  - bDontReuseConnections = false  - Libcurl will reuse connections
LogInit:  - CertBundlePath = nullptr  - Libcurl will use whatever was configured at build time.
LogInit: Build: ++UE4+Release-4.16-CL-3561208
LogInit: Engine Version: 4.16.3-3561208+++UE4+Release-4.16
LogInit: Compatible Engine Version: 4.16.0-3452394+++UE4+Release-4.16
LogInit: Net CL: 3452394
LogDevObjectVersion: Number of dev versions registered: 16
LogDevObjectVersion:   Dev-Blueprints (B0D832E4-1F89-4F0D-ACCF-7EB736FD4AA2): 9
LogDevObjectVersion:   Dev-Build (E1C64328-A22C-4D53-A36C-8E866417BD8C): 0
LogDevObjectVersion:   Dev-Core (375EC13C-06E4-48FB-B500-84F0262A717E): 2
LogDevObjectVersion:   Dev-Editor (E4B068ED-F494-42E9-A231-DA0B2E46BB41): 17
LogDevObjectVersion:   Dev-Framework (CFFC743F-43B0-4480-9391-14DF171D2073): 23
LogDevObjectVersion:   Dev-Mobile (B02B49B5-BB20-44E9-A304-32B752E40360): 0
LogDevObjectVersion:   Dev-Networking (A4E4105C-59A1-49B5-A7C5-40C4547EDFEE): 0
LogDevObjectVersion:   Dev-Online (39C831C9-5AE6-47DC-9A44-9C173E1C8E7C): 0
LogDevObjectVersion:   Dev-Physics (78F01B33-EBEA-4F98-B9B4-84EACCB95AA2): 0
LogDevObjectVersion:   Dev-Platform (6631380F-2D4D-43E0-8009-CF276956A95A): 0
LogDevObjectVersion:   Dev-Rendering (12F88B9F-8875-4AFC-A67C-D90C383ABD29): 15
LogDevObjectVersion:   Dev-Sequencer (7B5AE74C-D270-4C10-A958-57980B212A5A): 4
LogDevObjectVersion:   Dev-VR (D7296918-1DD6-4BDD-9DE2-64A83CC13884): 0
LogDevObjectVersion:   Dev-LoadTimes (C2A15278-BFE7-4AFE-6C17-90FF531DF755): 1
LogDevObjectVersion:   Private-Geometry (6EACA3D4-40EC-4CC1-B786-8BED09428FC5): 1
LogDevObjectVersion:   Dev-AnimPhys (29E575DD-E0A3-4627-9D10-D276232CDCEA): 3
LogInit: Compiled (64-bit): Jul 28 2017 11:49:47
LogInit: Compiled with Visual C++: 19.00.24215.01
LogInit: Build Configuration: Development
LogInit: Branch Name: ++UE4+Release-4.16
LogInit: Command line: 
LogInit: Base directory: C:/Program Files (x86)/Epic Games/UE_4.16/Engine/Binaries/Win64/
LogInit: Installed Engine Build: 1
LogInit: Presizing for max 8388607 objects, including 0 objects not considered by GC, pre-allocating 0 bytes for permanent pool.
LogInit: Object subsystem initialized
[2018.02.17-05.01.12:799][  0]LogInit: Selected Device Profile: [Windows]
[2018.02.17-05.01.12:799][  0]LogInit: Applying CVar settings loaded from the selected device profile: [Windows]
[2018.02.17-05.01.15:275][  0]LogInit: Computer: MEE-PC
[2018.02.17-05.01.15:275][  0]LogInit: User: mauri000
[2018.02.17-05.01.15:275][  0]LogInit: CPU Page size=4096, Cores=2
[2018.02.17-05.01.15:275][  0]LogInit: High frequency timer resolution =2.533203 MHz
[2018.02.17-05.01.15:275][  0]LogMemory: Memory total: Physical=7.9GB (8GB approx)
[2018.02.17-05.01.15:275][  0]LogMemory: Platform Memory Stats for Windows
[2018.02.17-05.01.15:275][  0]LogMemory: Process Physical Memory: 272.51 MB used, 272.51 MB peak
[2018.02.17-05.01.15:275][  0]LogMemory: Process Virtual Memory: 258.29 MB used, 258.29 MB peak
[2018.02.17-05.01.15:275][  0]LogMemory: Physical Memory: 4070.17 MB used,  4013.11 MB free, 8083.27 MB total
[2018.02.17-05.01.15:275][  0]LogMemory: Virtual Memory: 672.43 MB used,  4013.11 MB free, 134217728.00 MB total
[2018.02.17-05.01.15:484][  0]LogInit: Using OS detected language (en-US).
[2018.02.17-05.01.15:484][  0]LogInit: Using OS detected locale (en-US).
[2018.02.17-05.01.15:487][  0]LogTextLocalizationManager: No specific localization for 'en-US' exists, so the 'en' localization will be used.
[2018.02.17-05.01.16:538][  0]LogD3D11RHI: D3D11 adapters:
[2018.02.17-05.01.16:569][  0]LogD3D11RHI:    0. 'NVIDIA GeForce 840M' (Feature Level 11_0)
[2018.02.17-05.01.16:569][  0]LogD3D11RHI:       2019/0/4041 MB DedicatedVideo/DedicatedSystem/SharedSystem, Outputs:1, VendorId:0x10de
[2018.02.17-05.01.16:578][  0]LogD3D11RHI:    1. 'Intel(R) HD Graphics Family' (Feature Level 11_0)
[2018.02.17-05.01.16:578][  0]LogD3D11RHI:       112/0/2048 MB DedicatedVideo/DedicatedSystem/SharedSystem, Outputs:0, VendorId:0x8086
[2018.02.17-05.01.16:583][  0]LogD3D11RHI:    2. 'Microsoft Basic Render Driver' (Feature Level 11_0)
[2018.02.17-05.01.16:583][  0]LogD3D11RHI:       0/0/4041 MB DedicatedVideo/DedicatedSystem/SharedSystem, Outputs:0, VendorId:0x1414
[2018.02.17-05.01.16:583][  0]LogD3D11RHI: Chosen D3D11 Adapter: 0
[2018.02.17-05.01.16:590][  0]LogD3D11RHI: Creating new Direct3DDevice
[2018.02.17-05.01.16:590][  0]LogD3D11RHI:     GPU DeviceId: 0x1341 (for the marketing name, search the web for "GPU Device Id")
[2018.02.17-05.01.16:590][  0]LogWindows: EnumDisplayDevices:
[2018.02.17-05.01.16:590][  0]LogWindows:    0. 'Intel(R) HD Graphics Family' (P:1 D:1)
[2018.02.17-05.01.16:590][  0]LogWindows:    1. 'Intel(R) HD Graphics Family' (P:0 D:0)
[2018.02.17-05.01.16:590][  0]LogWindows:    2. 'Intel(R) HD Graphics Family' (P:0 D:0)
[2018.02.17-05.01.16:590][  0]LogWindows: DebugString: GetVideoDriverDetailsInvalid PrimaryIsNotTheChoosenAdapter GetVideoDriverDetailsInvalid PrimaryIsNotTheChoosenAdapter GetVideoDriverDetailsInvalid PrimaryIsNotTheChoosenAdapter FoundDriverCount:0 
[2018.02.17-05.01.16:590][  0]LogD3D11RHI:     Adapter Name: NVIDIA GeForce 840M
[2018.02.17-05.01.16:590][  0]LogD3D11RHI:   Driver Version: Unknown (internal:Unknown, unified:Unknown)
[2018.02.17-05.01.16:590][  0]LogD3D11RHI:      Driver Date: Unknown
[2018.02.17-05.01.16:590][  0]LogRHI: Texture pool is 1361 MB (70% of 1945 MB)
[2018.02.17-05.01.16:606][  0]LogD3D11RHI: Async texture creation enabled
[2018.02.17-05.01.16:619][  0]LogD3D11RHI: GPU Timing Frequency: 1000.000000 (Debug: 2 1)
[2018.02.17-05.01.16:620][  0]LogShaderCompilers: Guid format shader working directory is 13 characters bigger than the processId version (D:/Github/ProjectWorldAway/WorldsAway/Intermediate/Shaders/WorkingDirectory/7972/).
[2018.02.17-05.01.16:621][  0]LogShaderCompilers: Cleaned the shader compiler working directory 'C:/Users/mauri_000/AppData/Local/Temp/UnrealShaderWorkingDir/32E9F61348B915EAD22A42A33107F729/'.
[2018.02.17-05.01.16:621][  0]LogShaderCompilers:Display: Using Local Shader Compiler.
[2018.02.17-05.01.18:355][  0]LogTemp:Display: Loaded TP AllDesktopTargetPlatform
[2018.02.17-05.01.18:433][  0]LogTemp:Display: Loaded TP MacClientTargetPlatform
[2018.02.17-05.01.18:600][  0]LogTemp:Display: Loaded TP MacNoEditorTargetPlatform
[2018.02.17-05.01.18:667][  0]LogTemp:Display: Loaded TP MacServerTargetPlatform
[2018.02.17-05.01.18:742][  0]LogTemp:Display: Loaded TP MacTargetPlatform
[2018.02.17-05.01.18:813][  0]LogTemp:Display: Loaded TP WindowsClientTargetPlatform
[2018.02.17-05.01.18:884][  0]LogTemp:Display: Loaded TP WindowsNoEditorTargetPlatform
[2018.02.17-05.01.18:948][  0]LogTemp:Display: Loaded TP WindowsServerTargetPlatform
[2018.02.17-05.01.19:007][  0]LogTemp:Display: Loaded TP WindowsTargetPlatform
[2018.02.17-05.01.19:069][  0]LogTemp:Display: Loaded TP AndroidTargetPlatform
[2018.02.17-05.01.19:134][  0]LogTemp:Display: Loaded TP Android_ASTCTargetPlatform
[2018.02.17-05.01.19:205][  0]LogTemp:Display: Loaded TP Android_ATCTargetPlatform
[2018.02.17-05.01.19:268][  0]LogTemp:Display: Loaded TP Android_DXTTargetPlatform
[2018.02.17-05.01.19:328][  0]LogTemp:Display: Loaded TP Android_ETC1TargetPlatform
[2018.02.17-05.01.19:390][  0]LogTemp:Display: Loaded TP Android_ETC2TargetPlatform
[2018.02.17-05.01.19:521][  0]LogTemp:Display: Loaded TP Android_MultiTargetPlatform
[2018.02.17-05.01.19:521][  0]LogTemp:Display: Loaded TP Android_PVRTCTargetPlatform
[2018.02.17-05.01.19:574][  0]LogTemp:Display: Loaded TP HTML5TargetPlatform
[2018.02.17-05.01.19:689][  0]LogTemp:Display: Loaded TP IOSTargetPlatform
[2018.02.17-05.01.19:729][  0]LogTemp:Display: Loaded TP TVOSTargetPlatform
[2018.02.17-05.01.19:797][  0]LogTemp:Display: Loaded TP LinuxClientTargetPlatform
[2018.02.17-05.01.19:868][  0]LogTemp:Display: Loaded TP LinuxNoEditorTargetPlatform
[2018.02.17-05.01.19:937][  0]LogTemp:Display: Loaded TP LinuxServerTargetPlatform
[2018.02.17-05.01.20:003][  0]LogTemp:Display: Loaded TP LinuxTargetPlatform
[2018.02.17-05.01.20:003][  0]LogTargetPlatformManager:Display: Building Assets For Windows
[2018.02.17-05.01.20:683][  0]LogDerivedDataCache:Display: Max Cache Size: 512 MB
[2018.02.17-05.01.20:982][  0]LogDerivedDataCache: Loaded boot cache 0.14s 90MB C:/Users/mauri_000/AppData/Local/UnrealEngine/4.16/DerivedDataCache/Boot.ddc.
[2018.02.17-05.01.20:982][  0]LogDerivedDataCache:Display: Loaded Boot cache: C:/Users/mauri_000/AppData/Local/UnrealEngine/4.16/DerivedDataCache/Boot.ddc
[2018.02.17-05.01.20:982][  0]LogDerivedDataCache: FDerivedDataBackendGraph:  Pak pak cache file D:/Github/ProjectWorldAway/WorldsAway/DerivedDataCache/DDC.ddp not found, will not use a pak cache.
[2018.02.17-05.01.20:982][  0]LogDerivedDataCache: Unable to find inner node Pak for hierarchical cache Hierarchy.
[2018.02.17-05.01.20:982][  0]LogDerivedDataCache: FDerivedDataBackendGraph:  CompressedPak pak cache file D:/Github/ProjectWorldAway/WorldsAway/DerivedDataCache/Compressed.ddp not found, will not use a pak cache.
[2018.02.17-05.01.20:982][  0]LogDerivedDataCache: Unable to find inner node CompressedPak for hierarchical cache Hierarchy.
[2018.02.17-05.01.21:003][  0]LogDerivedDataCache:Display: Pak cache opened for reading ../../../Engine/DerivedDataCache/Compressed.ddp.
[2018.02.17-05.01.21:016][  0]LogDerivedDataCache: Using Local data cache path C:/Users/mauri_000/AppData/Local/UnrealEngine/Common/DerivedDataCache: Writable
[2018.02.17-05.01.21:027][  0]LogMaterial: Verifying Global Shaders for PCD3D_SM5
[2018.02.17-05.01.21:027][  0]LogSlate: Using Freetype 2.6.0
[2018.02.17-05.01.21:028][  0]LogSlate: SlateFontCache - WITH_FREETYPE: 1, WITH_HARFBUZZ: 1
[2018.02.17-05.01.21:028][  0]LogSlate: SlateFontCache - WITH_FREETYPE: 1, WITH_HARFBUZZ: 1
[2018.02.17-05.01.21:535][  0]LogInit: Selected Device Profile: [Windows]
[2018.02.17-05.01.21:626][  0]LogContentStreaming: Texture pool size is 0.00 MB
[2018.02.17-05.01.21:839][  0]LogMeshUtilities: Using QuadricMeshReduction for automatic static mesh reduction
[2018.02.17-05.01.21:950][  0]LogSimplygon: Simplygon DLL not present - disabling.
[2018.02.17-05.01.22:098][  0]LogMeshUtilities: Using SimplygonSwarm for distributed automatic mesh merging
[2018.02.17-05.01.22:098][  0]LogMeshUtilities: No automatic skeletal mesh reduction module available
[2018.02.17-05.01.22:098][  0]LogMeshUtilities: No automatic mesh merging module available
[2018.02.17-05.01.23:339][  0]LogNetVersion: WorldsAway , NetCL: 3452394, EngineNetVer: 2, GameNetVer: 0 (Checksum: 3023924508)
[2018.02.17-05.01.23:425][  0]LogAssetRegistry: FAssetRegistry took 0.0347 seconds to start up
[2018.02.17-05.01.24:267][  0]LogPackageLocalizationCache: Processed 4 localized package path(s) for 2 prioritized culture(s) in 0.794352 seconds
[2018.02.17-05.01.24:273][  0]LogUObjectArray: 34194 objects as part of root set at end of initial load.
[2018.02.17-05.01.24:273][  0]LogUObjectAllocator: 7260424 out of 0 bytes used by permanent object pool.
[2018.02.17-05.01.24:273][  0]LogUObjectArray: CloseDisregardForGC: 0/0 objects in disregard for GC pool
[2018.02.17-05.01.24:370][  0]LogInit: WinSock: version 1.1 (2.2), MaxSocks=32767, MaxUdp=65467
[2018.02.17-05.01.28:471][  0]LogTcpMessaging: Initializing TcpMessaging bridge
[2018.02.17-05.01.28:539][  0]LogUdpMessaging: Initializing bridge on interface 0.0.0.0:0 to multicast group 230.0.0.1:6666.
[2018.02.17-05.01.29:330][  0]LogMaterial: Uniform references updated for custom material expression Custom.
[2018.02.17-05.01.29:893][  0]SourceControl: Info Source control is disabled
[2018.02.17-05.01.29:963][  0]SourceControl: Info Source control is disabled
[2018.02.17-05.01.30:030][  0]SourceControl: Info Source control is disabled
[2018.02.17-05.01.30:094][  0]SourceControl: Info Source control is disabled
[2018.02.17-05.01.31:124][  0]LogAndroidPermission: UAndroidPermissionCallbackProxy::GetInstance
[2018.02.17-05.01.31:982][  0]LogEngine: Initializing Engine...
[2018.02.17-05.01.31:983][  0]LogHMD: Failed to initialize OpenVR with code 110
[2018.02.17-05.01.32:194][  0]LogStats: UGameplayTagsManager::ConstructGameplayTagTree: Construct from data asset -  0.000 s
[2018.02.17-05.01.32:195][  0]LogStats: UGameplayTagsManager::ConstructGameplayTagTree: GameplayTagTreeChangedEvent.Broadcast -  0.000 s
[2018.02.17-05.01.32:391][  0]LogAIModule: Creating AISystem for world Untitled
[2018.02.17-05.01.32:407][  0]LogInit: XAudio2 using 'Speakers (Realtek High Definition Audio)' : 2 channels at 48 kHz using 32 bits per sample (channel mask 0x3)
[2018.02.17-05.01.32:448][  0]LogInit: FAudioDevice initialized.
[2018.02.17-05.01.32:507][  0]LogDerivedDataCache: Saved boot cache 0.06s 90MB C:/Users/mauri_000/AppData/Local/UnrealEngine/4.16/DerivedDataCache/Boot.ddc.
[2018.02.17-05.01.32:515][  0]LogInit: Texture streaming: Enabled
[2018.02.17-05.01.32:664][  0]LogEngineSessionManager: EngineSessionManager initialized
[2018.02.17-05.01.32:955][  0]LogInit: Transaction tracking system initialized
[2018.02.17-05.01.33:366][  0]BlueprintLog: New page: Editor Load
[2018.02.17-05.01.34:843][  0]LocalizationService: Info Localization service is disabled
[2018.02.17-05.01.36:112][  0]LogConsoleResponse:Display: 
[2018.02.17-05.01.36:373][  0]LogCook:Display: Max memory allowance for cook 16384mb min free memory 0mb
[2018.02.17-05.01.36:373][  0]LogCook:Display: Mobile HDR setting 1
[2018.02.17-05.01.36:624][  0]LogFileCache: Scanning file cache for directory 'D:/Github/ProjectWorldAway/WorldsAway/Content/' took 0.02s
[2018.02.17-05.01.37:991][  0]SourceControl: Info Source control is disabled
[2018.02.17-05.01.37:991][  0]Cmd: MAP LOAD FILE="D:/Github/ProjectWorldAway/WorldsAway/Content/FirstPersonBP/Maps/FirstPersonExampleMap.umap" TEMPLATE=0 SHOWPROGRESS=1 FEATURELEVEL=3
[2018.02.17-05.01.37:991][  0]LightingResults: New page: Lighting Build
[2018.02.17-05.01.38:054][  0]MapCheck: New page: Map Check
[2018.02.17-05.01.38:054][  0]LightingResults: New page: Lighting Build
[2018.02.17-05.02.22:118][  0]LogAIModule: Creating AISystem for world FirstPersonExampleMap
[2018.02.17-05.02.27:457][  0]LogEditorServer: Finished looking for orphan Actors (0.000 secs)
[2018.02.17-05.02.27:506][  0]Cmd: MAP CHECKDEP NOCLEARLOG
[2018.02.17-05.02.28:426][  0]MapCheck: Info Map check complete: 0 Error(s), 0 Warning(s), took 919.065ms to complete.
[2018.02.17-05.02.28:426][  0]LogFileHelpers: Loading map 'FirstPersonExampleMap' took 50.435
[2018.02.17-05.02.29:190][  0]LogCollectionManager: Loaded 0 collections in 0.006318 seconds
[2018.02.17-05.02.29:477][  0]LogFileCache: Scanning file cache for directory 'D:/Github/ProjectWorldAway/WorldsAway/Saved/Collections/' took 0.01s
[2018.02.17-05.02.29:477][  0]LogFileCache: Scanning file cache for directory 'D:/Github/ProjectWorldAway/WorldsAway/Content/Developers/mauri000/Collections/' took 0.01s
[2018.02.17-05.02.29:477][  0]LogFileCache: Scanning file cache for directory 'D:/Github/ProjectWorldAway/WorldsAway/Content/Collections/' took 0.01s
[2018.02.17-05.02.29:477][  0]LogCollectionManager: Rebuilt the GUID cache for 0 collections in 0.000006 seconds
[2018.02.17-05.02.29:541][  0]LogContentBrowser: Native class hierarchy populated in 0.0612 seconds. Added 2329 classes and 491 folders.
[2018.02.17-05.02.29:714][  0]LogContentBrowser: Native class hierarchy updated for 'WidgetCarousel' in 0.0006 seconds. Added 0 classes and 0 folders.
[2018.02.17-05.02.31:429][  0]LogContentBrowser: Native class hierarchy updated for 'AddContentDialog' in 0.0008 seconds. Added 0 classes and 0 folders.
[2018.02.17-05.02.31:727][  0]LogContentBrowser: Native class hierarchy updated for 'SceneOutliner' in 0.0027 seconds. Added 1 classes and 2 folders.
[2018.02.17-05.02.33:182][  0]LogCrashTracker: Crashtracker disabled due to settings.
[2018.02.17-05.02.33:275][  0]LogSlate: Took 0.000429 seconds to synchronously load lazily loaded font '../../../Engine/Content/Slate/Fonts/Roboto-Regular.ttf' (155K)
[2018.02.17-05.02.33:278][  0]LogSlate: Took 0.000281 seconds to synchronously load lazily loaded font '../../../Engine/Content/Slate/Fonts/Roboto-Bold.ttf' (160K)
[2018.02.17-05.02.33:321][  0]LogSlate: Took 0.016098 seconds to synchronously load lazily loaded font '../../../Engine/Content/Editor/Slate/Fonts/FontAwesome.ttf' (139K)
[2018.02.17-05.02.33:845][  0]LogRenderer: Reallocating scene render targets to support 888x428 NumSamples 1 (Frame:1).
[2018.02.17-05.02.34:371][  0]LogSlate: Took 0.006605 seconds to synchronously load lazily loaded font '../../../Engine/Content/Slate/Fonts/Roboto-Light.ttf' (159K)
[2018.02.17-05.02.34:593][  0]LogUObjectGlobals:Warning: Failed to find object 'Class None.'
[2018.02.17-05.02.34:674][  0]LogContentBrowser: Native class hierarchy updated for 'HierarchicalLODOutliner' in 0.0007 seconds. Added 1 classes and 2 folders.
[2018.02.17-05.02.34:674][  0]LogLoad: (Engine Initialization) Total time: 87.67 seconds
[2018.02.17-05.02.34:674][  0]LogLoad: (Engine Initialization) Total Blueprint compile time: 0.70 seconds
[2018.02.17-05.02.34:674][  0]LogExternalProfiler: Found external profiler: VSPerf
[2018.02.17-05.02.34:674][  0]LogExternalProfiler: Using external profiler: VSPerf
[2018.02.17-05.02.34:696][  0]LogWindowsTextInputMethodSystem:Display: IME system now deactivated.
[2018.02.17-05.02.34:697][  0]LogOcInput: OculusInput pre-init called
[2018.02.17-05.02.34:697][  0]LogHMD: Starting GearVRController plugin
[2018.02.17-05.02.34:835][  0]LogContentStreaming: Texture pool size now 400 MB
[2018.02.17-05.02.35:358][  2]LogAssetRegistry: Asset discovery search completed in 71.9557 seconds
[2018.02.17-05.02.35:363][  2]LogCollectionManager: Rebuilt the object cache for 0 collections in 0.000001 seconds (found 0 objects)
[2018.02.17-05.02.35:363][  2]LogCollectionManager: Fixed up redirectors for 0 collections in 0.000091 seconds (updated 0 objects)
[2018.02.17-05.02.39:952][235]LogFileCache: Retrieving MD5 hashes for directory 'D:/Github/ProjectWorldAway/WorldsAway/Content/' took 5.23s
